----------------------------------------------------
Sample            T2bw_MG
logfile           T2bw_MG_x25T2BW_LL.log
x                 25
pol               T2BW_LL
Using file        /tas/cms2/stop/cms2V05-03-26_stoplooperV00-02-25/T2bw_mad/minibaby_V00-03-10/Skim_4jets_MET100_MT120/merged*x025*root
Using denominator /tas/cms2/stop/cms2V05-03-26_stoplooperV00-02-25/T2bw_mad/minibaby_V00-03-10/Skim_4jets_MET100_MT120/myMassDB_mStop_x25_25GeVbins.root
Denom histo       masses25
Using lumi        19500 pb-1
----------------------------------------------------
Using pre-selection   (((((((((rhovor>0 && rhovor<40)&&(ngoodlep > 0 && abs( pflep1.Pt() - lep1.Pt() ) < 10.0 && abs(isopf1 * lep1.Pt() ) < 5.0))&&((leptype==0 && abs(lep1->Eta())<1.4442 && lep1->Pt()>30.0 && eoverpin < 4.0 && (isdata==0 || ele27wp80==1))||(leptype==1 && abs(lep1->Eta())<2.1    && lep1->Pt()>25.0 && (isdata==0 || isomu24==1))))&&(mini_njets >= 4))&&(mini_nb >= 1))&&(mini_passisotrk==1))&&(mini_passtauveto == 1))&&(mini_met > 100))&&( mini_mt > 120))&&(x < 0.3)
Using weight          mini_sltrigeff * mini_t2bwweight_ll * 1
Using ISR weight      mini_isrweight
Signal region       : T2BW_LM100

Selection           : (((((((((((rhovor>0 && rhovor<40)&&(ngoodlep > 0 && abs( pflep1.Pt() - lep1.Pt() ) < 10.0 && abs(isopf1 * lep1.Pt() ) < 5.0))&&((leptype==0 && abs(lep1->Eta())<1.4442 && lep1->Pt()>30.0 && eoverpin < 4.0 && (isdata==0 || ele27wp80==1))||(leptype==1 && abs(lep1->Eta())<2.1    && lep1->Pt()>25.0 && (isdata==0 || isomu24==1))))&&(mini_njets >= 4))&&(mini_nb >= 1))&&(mini_passisotrk==1))&&(mini_passtauveto == 1))&&(mini_met > 100))&&( mini_mt > 120))&&(x < 0.3))&&(mini_met > 100))&&(mini_dphimjmin>0.8)

Selection JES up    : (((((((((((rhovor>0 && rhovor<40)&&(ngoodlep > 0 && abs( pflep1.Pt() - lep1.Pt() ) < 10.0 && abs(isopf1 * lep1.Pt() ) < 5.0))&&((leptype==0 && abs(lep1->Eta())<1.4442 && lep1->Pt()>30.0 && eoverpin < 4.0 && (isdata==0 || ele27wp80==1))||(leptype==1 && abs(lep1->Eta())<2.1    && lep1->Pt()>25.0 && (isdata==0 || isomu24==1))))&&(mini_njetsup >= 4))&&(mini_nb >= 1))&&(mini_passisotrk==1))&&(mini_passtauveto == 1))&&(mini_metup > 100))&&(mini_mtup > 120))&&(x < 0.3))&&(mini_metup > 100))&&(mini_dphimjmin>0.8)

Selection JES down  : (((((((((((rhovor>0 && rhovor<40)&&(ngoodlep > 0 && abs( pflep1.Pt() - lep1.Pt() ) < 10.0 && abs(isopf1 * lep1.Pt() ) < 5.0))&&((leptype==0 && abs(lep1->Eta())<1.4442 && lep1->Pt()>30.0 && eoverpin < 4.0 && (isdata==0 || ele27wp80==1))||(leptype==1 && abs(lep1->Eta())<2.1    && lep1->Pt()>25.0 && (isdata==0 || isomu24==1))))&&(mini_njetsdown >= 4))&&(mini_nb >= 1))&&(mini_passisotrk==1))&&(mini_passtauveto == 1))&&(mini_metdown > 100))&&(mini_mtdown > 120))&&(x < 0.3))&&(mini_metdown > 100))&&(mini_dphimjmin>0.8)

Selection btag up   : (((((((((((rhovor>0 && rhovor<40)&&(ngoodlep > 0 && abs( pflep1.Pt() - lep1.Pt() ) < 10.0 && abs(isopf1 * lep1.Pt() ) < 5.0))&&((leptype==0 && abs(lep1->Eta())<1.4442 && lep1->Pt()>30.0 && eoverpin < 4.0 && (isdata==0 || ele27wp80==1))||(leptype==1 && abs(lep1->Eta())<2.1    && lep1->Pt()>25.0 && (isdata==0 || isomu24==1))))&&(mini_njets >= 4))&&(mini_nbupBC >= 1))&&(mini_passisotrk==1))&&(mini_passtauveto == 1))&&(mini_met > 100))&&( mini_mt > 120))&&(x < 0.3))&&(mini_met > 100))&&(mini_dphimjmin>0.8)

Selection btag down : (((((((((((rhovor>0 && rhovor<40)&&(ngoodlep > 0 && abs( pflep1.Pt() - lep1.Pt() ) < 10.0 && abs(isopf1 * lep1.Pt() ) < 5.0))&&((leptype==0 && abs(lep1->Eta())<1.4442 && lep1->Pt()>30.0 && eoverpin < 4.0 && (isdata==0 || ele27wp80==1))||(leptype==1 && abs(lep1->Eta())<2.1    && lep1->Pt()>25.0 && (isdata==0 || isomu24==1))))&&(mini_njets >= 4))&&(mini_nbdownBC >= 1))&&(mini_passisotrk==1))&&(mini_passtauveto == 1))&&(mini_met > 100))&&( mini_mt > 120))&&(x < 0.3))&&(mini_met > 100))&&(mini_dphimjmin>0.8)

Signal region       : T2BW_LM150

Selection           : (((((((((((rhovor>0 && rhovor<40)&&(ngoodlep > 0 && abs( pflep1.Pt() - lep1.Pt() ) < 10.0 && abs(isopf1 * lep1.Pt() ) < 5.0))&&((leptype==0 && abs(lep1->Eta())<1.4442 && lep1->Pt()>30.0 && eoverpin < 4.0 && (isdata==0 || ele27wp80==1))||(leptype==1 && abs(lep1->Eta())<2.1    && lep1->Pt()>25.0 && (isdata==0 || isomu24==1))))&&(mini_njets >= 4))&&(mini_nb >= 1))&&(mini_passisotrk==1))&&(mini_passtauveto == 1))&&(mini_met > 100))&&( mini_mt > 120))&&(x < 0.3))&&(mini_met > 150.0))&&(mini_dphimjmin>0.8)

Selection JES up    : (((((((((((rhovor>0 && rhovor<40)&&(ngoodlep > 0 && abs( pflep1.Pt() - lep1.Pt() ) < 10.0 && abs(isopf1 * lep1.Pt() ) < 5.0))&&((leptype==0 && abs(lep1->Eta())<1.4442 && lep1->Pt()>30.0 && eoverpin < 4.0 && (isdata==0 || ele27wp80==1))||(leptype==1 && abs(lep1->Eta())<2.1    && lep1->Pt()>25.0 && (isdata==0 || isomu24==1))))&&(mini_njetsup >= 4))&&(mini_nb >= 1))&&(mini_passisotrk==1))&&(mini_passtauveto == 1))&&(mini_metup > 100))&&(mini_mtup > 120))&&(x < 0.3))&&(mini_metup > 150.0))&&(mini_dphimjmin>0.8)

Selection JES down  : (((((((((((rhovor>0 && rhovor<40)&&(ngoodlep > 0 && abs( pflep1.Pt() - lep1.Pt() ) < 10.0 && abs(isopf1 * lep1.Pt() ) < 5.0))&&((leptype==0 && abs(lep1->Eta())<1.4442 && lep1->Pt()>30.0 && eoverpin < 4.0 && (isdata==0 || ele27wp80==1))||(leptype==1 && abs(lep1->Eta())<2.1    && lep1->Pt()>25.0 && (isdata==0 || isomu24==1))))&&(mini_njetsdown >= 4))&&(mini_nb >= 1))&&(mini_passisotrk==1))&&(mini_passtauveto == 1))&&(mini_metdown > 100))&&(mini_mtdown > 120))&&(x < 0.3))&&(mini_metdown > 150.0))&&(mini_dphimjmin>0.8)

Selection btag up   : (((((((((((rhovor>0 && rhovor<40)&&(ngoodlep > 0 && abs( pflep1.Pt() - lep1.Pt() ) < 10.0 && abs(isopf1 * lep1.Pt() ) < 5.0))&&((leptype==0 && abs(lep1->Eta())<1.4442 && lep1->Pt()>30.0 && eoverpin < 4.0 && (isdata==0 || ele27wp80==1))||(leptype==1 && abs(lep1->Eta())<2.1    && lep1->Pt()>25.0 && (isdata==0 || isomu24==1))))&&(mini_njets >= 4))&&(mini_nbupBC >= 1))&&(mini_passisotrk==1))&&(mini_passtauveto == 1))&&(mini_met > 100))&&( mini_mt > 120))&&(x < 0.3))&&(mini_met > 150.0))&&(mini_dphimjmin>0.8)

Selection btag down : (((((((((((rhovor>0 && rhovor<40)&&(ngoodlep > 0 && abs( pflep1.Pt() - lep1.Pt() ) < 10.0 && abs(isopf1 * lep1.Pt() ) < 5.0))&&((leptype==0 && abs(lep1->Eta())<1.4442 && lep1->Pt()>30.0 && eoverpin < 4.0 && (isdata==0 || ele27wp80==1))||(leptype==1 && abs(lep1->Eta())<2.1    && lep1->Pt()>25.0 && (isdata==0 || isomu24==1))))&&(mini_njets >= 4))&&(mini_nbdownBC >= 1))&&(mini_passisotrk==1))&&(mini_passtauveto == 1))&&(mini_met > 100))&&( mini_mt > 120))&&(x < 0.3))&&(mini_met > 150.0))&&(mini_dphimjmin>0.8)

Signal region       : T2BW_LM200

Selection           : (((((((((((rhovor>0 && rhovor<40)&&(ngoodlep > 0 && abs( pflep1.Pt() - lep1.Pt() ) < 10.0 && abs(isopf1 * lep1.Pt() ) < 5.0))&&((leptype==0 && abs(lep1->Eta())<1.4442 && lep1->Pt()>30.0 && eoverpin < 4.0 && (isdata==0 || ele27wp80==1))||(leptype==1 && abs(lep1->Eta())<2.1    && lep1->Pt()>25.0 && (isdata==0 || isomu24==1))))&&(mini_njets >= 4))&&(mini_nb >= 1))&&(mini_passisotrk==1))&&(mini_passtauveto == 1))&&(mini_met > 100))&&( mini_mt > 120))&&(x < 0.3))&&(mini_met > 200.0))&&(mini_dphimjmin>0.8)

Selection JES up    : (((((((((((rhovor>0 && rhovor<40)&&(ngoodlep > 0 && abs( pflep1.Pt() - lep1.Pt() ) < 10.0 && abs(isopf1 * lep1.Pt() ) < 5.0))&&((leptype==0 && abs(lep1->Eta())<1.4442 && lep1->Pt()>30.0 && eoverpin < 4.0 && (isdata==0 || ele27wp80==1))||(leptype==1 && abs(lep1->Eta())<2.1    && lep1->Pt()>25.0 && (isdata==0 || isomu24==1))))&&(mini_njetsup >= 4))&&(mini_nb >= 1))&&(mini_passisotrk==1))&&(mini_passtauveto == 1))&&(mini_metup > 100))&&(mini_mtup > 120))&&(x < 0.3))&&(mini_metup > 200.0))&&(mini_dphimjmin>0.8)

Selection JES down  : (((((((((((rhovor>0 && rhovor<40)&&(ngoodlep > 0 && abs( pflep1.Pt() - lep1.Pt() ) < 10.0 && abs(isopf1 * lep1.Pt() ) < 5.0))&&((leptype==0 && abs(lep1->Eta())<1.4442 && lep1->Pt()>30.0 && eoverpin < 4.0 && (isdata==0 || ele27wp80==1))||(leptype==1 && abs(lep1->Eta())<2.1    && lep1->Pt()>25.0 && (isdata==0 || isomu24==1))))&&(mini_njetsdown >= 4))&&(mini_nb >= 1))&&(mini_passisotrk==1))&&(mini_passtauveto == 1))&&(mini_metdown > 100))&&(mini_mtdown > 120))&&(x < 0.3))&&(mini_metdown > 200.0))&&(mini_dphimjmin>0.8)

Selection btag up   : (((((((((((rhovor>0 && rhovor<40)&&(ngoodlep > 0 && abs( pflep1.Pt() - lep1.Pt() ) < 10.0 && abs(isopf1 * lep1.Pt() ) < 5.0))&&((leptype==0 && abs(lep1->Eta())<1.4442 && lep1->Pt()>30.0 && eoverpin < 4.0 && (isdata==0 || ele27wp80==1))||(leptype==1 && abs(lep1->Eta())<2.1    && lep1->Pt()>25.0 && (isdata==0 || isomu24==1))))&&(mini_njets >= 4))&&(mini_nbupBC >= 1))&&(mini_passisotrk==1))&&(mini_passtauveto == 1))&&(mini_met > 100))&&( mini_mt > 120))&&(x < 0.3))&&(mini_met > 200.0))&&(mini_dphimjmin>0.8)

Selection btag down : (((((((((((rhovor>0 && rhovor<40)&&(ngoodlep > 0 && abs( pflep1.Pt() - lep1.Pt() ) < 10.0 && abs(isopf1 * lep1.Pt() ) < 5.0))&&((leptype==0 && abs(lep1->Eta())<1.4442 && lep1->Pt()>30.0 && eoverpin < 4.0 && (isdata==0 || ele27wp80==1))||(leptype==1 && abs(lep1->Eta())<2.1    && lep1->Pt()>25.0 && (isdata==0 || isomu24==1))))&&(mini_njets >= 4))&&(mini_nbdownBC >= 1))&&(mini_passisotrk==1))&&(mini_passtauveto == 1))&&(mini_met > 100))&&( mini_mt > 120))&&(x < 0.3))&&(mini_met > 200.0))&&(mini_dphimjmin>0.8)

Signal region       : T2BW_LM250

Selection           : (((((((((((rhovor>0 && rhovor<40)&&(ngoodlep > 0 && abs( pflep1.Pt() - lep1.Pt() ) < 10.0 && abs(isopf1 * lep1.Pt() ) < 5.0))&&((leptype==0 && abs(lep1->Eta())<1.4442 && lep1->Pt()>30.0 && eoverpin < 4.0 && (isdata==0 || ele27wp80==1))||(leptype==1 && abs(lep1->Eta())<2.1    && lep1->Pt()>25.0 && (isdata==0 || isomu24==1))))&&(mini_njets >= 4))&&(mini_nb >= 1))&&(mini_passisotrk==1))&&(mini_passtauveto == 1))&&(mini_met > 100))&&( mini_mt > 120))&&(x < 0.3))&&(mini_met > 250.0))&&(mini_dphimjmin>0.8)

Selection JES up    : (((((((((((rhovor>0 && rhovor<40)&&(ngoodlep > 0 && abs( pflep1.Pt() - lep1.Pt() ) < 10.0 && abs(isopf1 * lep1.Pt() ) < 5.0))&&((leptype==0 && abs(lep1->Eta())<1.4442 && lep1->Pt()>30.0 && eoverpin < 4.0 && (isdata==0 || ele27wp80==1))||(leptype==1 && abs(lep1->Eta())<2.1    && lep1->Pt()>25.0 && (isdata==0 || isomu24==1))))&&(mini_njetsup >= 4))&&(mini_nb >= 1))&&(mini_passisotrk==1))&&(mini_passtauveto == 1))&&(mini_metup > 100))&&(mini_mtup > 120))&&(x < 0.3))&&(mini_metup > 250.0))&&(mini_dphimjmin>0.8)

Selection JES down  : (((((((((((rhovor>0 && rhovor<40)&&(ngoodlep > 0 && abs( pflep1.Pt() - lep1.Pt() ) < 10.0 && abs(isopf1 * lep1.Pt() ) < 5.0))&&((leptype==0 && abs(lep1->Eta())<1.4442 && lep1->Pt()>30.0 && eoverpin < 4.0 && (isdata==0 || ele27wp80==1))||(leptype==1 && abs(lep1->Eta())<2.1    && lep1->Pt()>25.0 && (isdata==0 || isomu24==1))))&&(mini_njetsdown >= 4))&&(mini_nb >= 1))&&(mini_passisotrk==1))&&(mini_passtauveto == 1))&&(mini_metdown > 100))&&(mini_mtdown > 120))&&(x < 0.3))&&(mini_metdown > 250.0))&&(mini_dphimjmin>0.8)

Selection btag up   : (((((((((((rhovor>0 && rhovor<40)&&(ngoodlep > 0 && abs( pflep1.Pt() - lep1.Pt() ) < 10.0 && abs(isopf1 * lep1.Pt() ) < 5.0))&&((leptype==0 && abs(lep1->Eta())<1.4442 && lep1->Pt()>30.0 && eoverpin < 4.0 && (isdata==0 || ele27wp80==1))||(leptype==1 && abs(lep1->Eta())<2.1    && lep1->Pt()>25.0 && (isdata==0 || isomu24==1))))&&(mini_njets >= 4))&&(mini_nbupBC >= 1))&&(mini_passisotrk==1))&&(mini_passtauveto == 1))&&(mini_met > 100))&&( mini_mt > 120))&&(x < 0.3))&&(mini_met > 250.0))&&(mini_dphimjmin>0.8)

Selection btag down : (((((((((((rhovor>0 && rhovor<40)&&(ngoodlep > 0 && abs( pflep1.Pt() - lep1.Pt() ) < 10.0 && abs(isopf1 * lep1.Pt() ) < 5.0))&&((leptype==0 && abs(lep1->Eta())<1.4442 && lep1->Pt()>30.0 && eoverpin < 4.0 && (isdata==0 || ele27wp80==1))||(leptype==1 && abs(lep1->Eta())<2.1    && lep1->Pt()>25.0 && (isdata==0 || isomu24==1))))&&(mini_njets >= 4))&&(mini_nbdownBC >= 1))&&(mini_passisotrk==1))&&(mini_passtauveto == 1))&&(mini_met > 100))&&( mini_mt > 120))&&(x < 0.3))&&(mini_met > 250.0))&&(mini_dphimjmin>0.8)

Signal region       : T2BW_HM100

Selection           : (((((((((((((rhovor>0 && rhovor<40)&&(ngoodlep > 0 && abs( pflep1.Pt() - lep1.Pt() ) < 10.0 && abs(isopf1 * lep1.Pt() ) < 5.0))&&((leptype==0 && abs(lep1->Eta())<1.4442 && lep1->Pt()>30.0 && eoverpin < 4.0 && (isdata==0 || ele27wp80==1))||(leptype==1 && abs(lep1->Eta())<2.1    && lep1->Pt()>25.0 && (isdata==0 || isomu24==1))))&&(mini_njets >= 4))&&(mini_nb >= 1))&&(mini_passisotrk==1))&&(mini_passtauveto == 1))&&(mini_met > 100))&&( mini_mt > 120))&&(x < 0.3))&&(mini_met > 100))&&(mini_dphimjmin>0.8))&&(mini_pt_b > 100.0))&&(mini_mt2w>200.0)

Selection JES up    : (((((((((((((rhovor>0 && rhovor<40)&&(ngoodlep > 0 && abs( pflep1.Pt() - lep1.Pt() ) < 10.0 && abs(isopf1 * lep1.Pt() ) < 5.0))&&((leptype==0 && abs(lep1->Eta())<1.4442 && lep1->Pt()>30.0 && eoverpin < 4.0 && (isdata==0 || ele27wp80==1))||(leptype==1 && abs(lep1->Eta())<2.1    && lep1->Pt()>25.0 && (isdata==0 || isomu24==1))))&&(mini_njetsup >= 4))&&(mini_nb >= 1))&&(mini_passisotrk==1))&&(mini_passtauveto == 1))&&(mini_metup > 100))&&(mini_mtup > 120))&&(x < 0.3))&&(mini_metup > 100))&&(mini_dphimjmin>0.8))&&(mini_pt_b_up > 100.0))&&(mini_mt2wup>200.0)

Selection JES down  : (((((((((((((rhovor>0 && rhovor<40)&&(ngoodlep > 0 && abs( pflep1.Pt() - lep1.Pt() ) < 10.0 && abs(isopf1 * lep1.Pt() ) < 5.0))&&((leptype==0 && abs(lep1->Eta())<1.4442 && lep1->Pt()>30.0 && eoverpin < 4.0 && (isdata==0 || ele27wp80==1))||(leptype==1 && abs(lep1->Eta())<2.1    && lep1->Pt()>25.0 && (isdata==0 || isomu24==1))))&&(mini_njetsdown >= 4))&&(mini_nb >= 1))&&(mini_passisotrk==1))&&(mini_passtauveto == 1))&&(mini_metdown > 100))&&(mini_mtdown > 120))&&(x < 0.3))&&(mini_metdown > 100))&&(mini_dphimjmin>0.8))&&(mini_pt_b_down > 100.0))&&(mini_mt2wdown>200.0)

Selection btag up   : (((((((((((((rhovor>0 && rhovor<40)&&(ngoodlep > 0 && abs( pflep1.Pt() - lep1.Pt() ) < 10.0 && abs(isopf1 * lep1.Pt() ) < 5.0))&&((leptype==0 && abs(lep1->Eta())<1.4442 && lep1->Pt()>30.0 && eoverpin < 4.0 && (isdata==0 || ele27wp80==1))||(leptype==1 && abs(lep1->Eta())<2.1    && lep1->Pt()>25.0 && (isdata==0 || isomu24==1))))&&(mini_njets >= 4))&&(mini_nbupBC >= 1))&&(mini_passisotrk==1))&&(mini_passtauveto == 1))&&(mini_met > 100))&&( mini_mt > 120))&&(x < 0.3))&&(mini_met > 100))&&(mini_dphimjmin>0.8))&&(mini_pt_b_bup > 100.0))&&(mini_mt2wbup>200.0)

Selection btag down : (((((((((((((rhovor>0 && rhovor<40)&&(ngoodlep > 0 && abs( pflep1.Pt() - lep1.Pt() ) < 10.0 && abs(isopf1 * lep1.Pt() ) < 5.0))&&((leptype==0 && abs(lep1->Eta())<1.4442 && lep1->Pt()>30.0 && eoverpin < 4.0 && (isdata==0 || ele27wp80==1))||(leptype==1 && abs(lep1->Eta())<2.1    && lep1->Pt()>25.0 && (isdata==0 || isomu24==1))))&&(mini_njets >= 4))&&(mini_nbdownBC >= 1))&&(mini_passisotrk==1))&&(mini_passtauveto == 1))&&(mini_met > 100))&&( mini_mt > 120))&&(x < 0.3))&&(mini_met > 100))&&(mini_dphimjmin>0.8))&&(mini_pt_b_bdown > 100.0))&&(mini_mt2wbdown>200.0)

Signal region       : T2BW_HM150

Selection           : (((((((((((((rhovor>0 && rhovor<40)&&(ngoodlep > 0 && abs( pflep1.Pt() - lep1.Pt() ) < 10.0 && abs(isopf1 * lep1.Pt() ) < 5.0))&&((leptype==0 && abs(lep1->Eta())<1.4442 && lep1->Pt()>30.0 && eoverpin < 4.0 && (isdata==0 || ele27wp80==1))||(leptype==1 && abs(lep1->Eta())<2.1    && lep1->Pt()>25.0 && (isdata==0 || isomu24==1))))&&(mini_njets >= 4))&&(mini_nb >= 1))&&(mini_passisotrk==1))&&(mini_passtauveto == 1))&&(mini_met > 100))&&( mini_mt > 120))&&(x < 0.3))&&(mini_met > 150.0))&&(mini_dphimjmin>0.8))&&(mini_pt_b > 100.0))&&(mini_mt2w>200.0)

Selection JES up    : (((((((((((((rhovor>0 && rhovor<40)&&(ngoodlep > 0 && abs( pflep1.Pt() - lep1.Pt() ) < 10.0 && abs(isopf1 * lep1.Pt() ) < 5.0))&&((leptype==0 && abs(lep1->Eta())<1.4442 && lep1->Pt()>30.0 && eoverpin < 4.0 && (isdata==0 || ele27wp80==1))||(leptype==1 && abs(lep1->Eta())<2.1    && lep1->Pt()>25.0 && (isdata==0 || isomu24==1))))&&(mini_njetsup >= 4))&&(mini_nb >= 1))&&(mini_passisotrk==1))&&(mini_passtauveto == 1))&&(mini_metup > 100))&&(mini_mtup > 120))&&(x < 0.3))&&(mini_metup > 150.0))&&(mini_dphimjmin>0.8))&&(mini_pt_b_up > 100.0))&&(mini_mt2wup>200.0)

Selection JES down  : (((((((((((((rhovor>0 && rhovor<40)&&(ngoodlep > 0 && abs( pflep1.Pt() - lep1.Pt() ) < 10.0 && abs(isopf1 * lep1.Pt() ) < 5.0))&&((leptype==0 && abs(lep1->Eta())<1.4442 && lep1->Pt()>30.0 && eoverpin < 4.0 && (isdata==0 || ele27wp80==1))||(leptype==1 && abs(lep1->Eta())<2.1    && lep1->Pt()>25.0 && (isdata==0 || isomu24==1))))&&(mini_njetsdown >= 4))&&(mini_nb >= 1))&&(mini_passisotrk==1))&&(mini_passtauveto == 1))&&(mini_metdown > 100))&&(mini_mtdown > 120))&&(x < 0.3))&&(mini_metdown > 150.0))&&(mini_dphimjmin>0.8))&&(mini_pt_b_down > 100.0))&&(mini_mt2wdown>200.0)

Selection btag up   : (((((((((((((rhovor>0 && rhovor<40)&&(ngoodlep > 0 && abs( pflep1.Pt() - lep1.Pt() ) < 10.0 && abs(isopf1 * lep1.Pt() ) < 5.0))&&((leptype==0 && abs(lep1->Eta())<1.4442 && lep1->Pt()>30.0 && eoverpin < 4.0 && (isdata==0 || ele27wp80==1))||(leptype==1 && abs(lep1->Eta())<2.1    && lep1->Pt()>25.0 && (isdata==0 || isomu24==1))))&&(mini_njets >= 4))&&(mini_nbupBC >= 1))&&(mini_passisotrk==1))&&(mini_passtauveto == 1))&&(mini_met > 100))&&( mini_mt > 120))&&(x < 0.3))&&(mini_met > 150.0))&&(mini_dphimjmin>0.8))&&(mini_pt_b_bup > 100.0))&&(mini_mt2wbup>200.0)

Selection btag down : (((((((((((((rhovor>0 && rhovor<40)&&(ngoodlep > 0 && abs( pflep1.Pt() - lep1.Pt() ) < 10.0 && abs(isopf1 * lep1.Pt() ) < 5.0))&&((leptype==0 && abs(lep1->Eta())<1.4442 && lep1->Pt()>30.0 && eoverpin < 4.0 && (isdata==0 || ele27wp80==1))||(leptype==1 && abs(lep1->Eta())<2.1    && lep1->Pt()>25.0 && (isdata==0 || isomu24==1))))&&(mini_njets >= 4))&&(mini_nbdownBC >= 1))&&(mini_passisotrk==1))&&(mini_passtauveto == 1))&&(mini_met > 100))&&( mini_mt > 120))&&(x < 0.3))&&(mini_met > 150.0))&&(mini_dphimjmin>0.8))&&(mini_pt_b_bdown > 100.0))&&(mini_mt2wbdown>200.0)

Signal region       : T2BW_HM200

Selection           : (((((((((((((rhovor>0 && rhovor<40)&&(ngoodlep > 0 && abs( pflep1.Pt() - lep1.Pt() ) < 10.0 && abs(isopf1 * lep1.Pt() ) < 5.0))&&((leptype==0 && abs(lep1->Eta())<1.4442 && lep1->Pt()>30.0 && eoverpin < 4.0 && (isdata==0 || ele27wp80==1))||(leptype==1 && abs(lep1->Eta())<2.1    && lep1->Pt()>25.0 && (isdata==0 || isomu24==1))))&&(mini_njets >= 4))&&(mini_nb >= 1))&&(mini_passisotrk==1))&&(mini_passtauveto == 1))&&(mini_met > 100))&&( mini_mt > 120))&&(x < 0.3))&&(mini_met > 200.0))&&(mini_dphimjmin>0.8))&&(mini_pt_b > 100.0))&&(mini_mt2w>200.0)

Selection JES up    : (((((((((((((rhovor>0 && rhovor<40)&&(ngoodlep > 0 && abs( pflep1.Pt() - lep1.Pt() ) < 10.0 && abs(isopf1 * lep1.Pt() ) < 5.0))&&((leptype==0 && abs(lep1->Eta())<1.4442 && lep1->Pt()>30.0 && eoverpin < 4.0 && (isdata==0 || ele27wp80==1))||(leptype==1 && abs(lep1->Eta())<2.1    && lep1->Pt()>25.0 && (isdata==0 || isomu24==1))))&&(mini_njetsup >= 4))&&(mini_nb >= 1))&&(mini_passisotrk==1))&&(mini_passtauveto == 1))&&(mini_metup > 100))&&(mini_mtup > 120))&&(x < 0.3))&&(mini_metup > 200.0))&&(mini_dphimjmin>0.8))&&(mini_pt_b_up > 100.0))&&(mini_mt2wup>200.0)

Selection JES down  : (((((((((((((rhovor>0 && rhovor<40)&&(ngoodlep > 0 && abs( pflep1.Pt() - lep1.Pt() ) < 10.0 && abs(isopf1 * lep1.Pt() ) < 5.0))&&((leptype==0 && abs(lep1->Eta())<1.4442 && lep1->Pt()>30.0 && eoverpin < 4.0 && (isdata==0 || ele27wp80==1))||(leptype==1 && abs(lep1->Eta())<2.1    && lep1->Pt()>25.0 && (isdata==0 || isomu24==1))))&&(mini_njetsdown >= 4))&&(mini_nb >= 1))&&(mini_passisotrk==1))&&(mini_passtauveto == 1))&&(mini_metdown > 100))&&(mini_mtdown > 120))&&(x < 0.3))&&(mini_metdown > 200.0))&&(mini_dphimjmin>0.8))&&(mini_pt_b_down > 100.0))&&(mini_mt2wdown>200.0)

Selection btag up   : (((((((((((((rhovor>0 && rhovor<40)&&(ngoodlep > 0 && abs( pflep1.Pt() - lep1.Pt() ) < 10.0 && abs(isopf1 * lep1.Pt() ) < 5.0))&&((leptype==0 && abs(lep1->Eta())<1.4442 && lep1->Pt()>30.0 && eoverpin < 4.0 && (isdata==0 || ele27wp80==1))||(leptype==1 && abs(lep1->Eta())<2.1    && lep1->Pt()>25.0 && (isdata==0 || isomu24==1))))&&(mini_njets >= 4))&&(mini_nbupBC >= 1))&&(mini_passisotrk==1))&&(mini_passtauveto == 1))&&(mini_met > 100))&&( mini_mt > 120))&&(x < 0.3))&&(mini_met > 200.0))&&(mini_dphimjmin>0.8))&&(mini_pt_b_bup > 100.0))&&(mini_mt2wbup>200.0)

Selection btag down : (((((((((((((rhovor>0 && rhovor<40)&&(ngoodlep > 0 && abs( pflep1.Pt() - lep1.Pt() ) < 10.0 && abs(isopf1 * lep1.Pt() ) < 5.0))&&((leptype==0 && abs(lep1->Eta())<1.4442 && lep1->Pt()>30.0 && eoverpin < 4.0 && (isdata==0 || ele27wp80==1))||(leptype==1 && abs(lep1->Eta())<2.1    && lep1->Pt()>25.0 && (isdata==0 || isomu24==1))))&&(mini_njets >= 4))&&(mini_nbdownBC >= 1))&&(mini_passisotrk==1))&&(mini_passtauveto == 1))&&(mini_met > 100))&&( mini_mt > 120))&&(x < 0.3))&&(mini_met > 200.0))&&(mini_dphimjmin>0.8))&&(mini_pt_b_bdown > 100.0))&&(mini_mt2wbdown>200.0)

Signal region       : T2BW_HM250

Selection           : (((((((((((((rhovor>0 && rhovor<40)&&(ngoodlep > 0 && abs( pflep1.Pt() - lep1.Pt() ) < 10.0 && abs(isopf1 * lep1.Pt() ) < 5.0))&&((leptype==0 && abs(lep1->Eta())<1.4442 && lep1->Pt()>30.0 && eoverpin < 4.0 && (isdata==0 || ele27wp80==1))||(leptype==1 && abs(lep1->Eta())<2.1    && lep1->Pt()>25.0 && (isdata==0 || isomu24==1))))&&(mini_njets >= 4))&&(mini_nb >= 1))&&(mini_passisotrk==1))&&(mini_passtauveto == 1))&&(mini_met > 100))&&( mini_mt > 120))&&(x < 0.3))&&(mini_met > 250.0))&&(mini_dphimjmin>0.8))&&(mini_pt_b > 100.0))&&(mini_mt2w>200.0)

Selection JES up    : (((((((((((((rhovor>0 && rhovor<40)&&(ngoodlep > 0 && abs( pflep1.Pt() - lep1.Pt() ) < 10.0 && abs(isopf1 * lep1.Pt() ) < 5.0))&&((leptype==0 && abs(lep1->Eta())<1.4442 && lep1->Pt()>30.0 && eoverpin < 4.0 && (isdata==0 || ele27wp80==1))||(leptype==1 && abs(lep1->Eta())<2.1    && lep1->Pt()>25.0 && (isdata==0 || isomu24==1))))&&(mini_njetsup >= 4))&&(mini_nb >= 1))&&(mini_passisotrk==1))&&(mini_passtauveto == 1))&&(mini_metup > 100))&&(mini_mtup > 120))&&(x < 0.3))&&(mini_metup > 250.0))&&(mini_dphimjmin>0.8))&&(mini_pt_b_up > 100.0))&&(mini_mt2wup>200.0)

Selection JES down  : (((((((((((((rhovor>0 && rhovor<40)&&(ngoodlep > 0 && abs( pflep1.Pt() - lep1.Pt() ) < 10.0 && abs(isopf1 * lep1.Pt() ) < 5.0))&&((leptype==0 && abs(lep1->Eta())<1.4442 && lep1->Pt()>30.0 && eoverpin < 4.0 && (isdata==0 || ele27wp80==1))||(leptype==1 && abs(lep1->Eta())<2.1    && lep1->Pt()>25.0 && (isdata==0 || isomu24==1))))&&(mini_njetsdown >= 4))&&(mini_nb >= 1))&&(mini_passisotrk==1))&&(mini_passtauveto == 1))&&(mini_metdown > 100))&&(mini_mtdown > 120))&&(x < 0.3))&&(mini_metdown > 250.0))&&(mini_dphimjmin>0.8))&&(mini_pt_b_down > 100.0))&&(mini_mt2wdown>200.0)

Selection btag up   : (((((((((((((rhovor>0 && rhovor<40)&&(ngoodlep > 0 && abs( pflep1.Pt() - lep1.Pt() ) < 10.0 && abs(isopf1 * lep1.Pt() ) < 5.0))&&((leptype==0 && abs(lep1->Eta())<1.4442 && lep1->Pt()>30.0 && eoverpin < 4.0 && (isdata==0 || ele27wp80==1))||(leptype==1 && abs(lep1->Eta())<2.1    && lep1->Pt()>25.0 && (isdata==0 || isomu24==1))))&&(mini_njets >= 4))&&(mini_nbupBC >= 1))&&(mini_passisotrk==1))&&(mini_passtauveto == 1))&&(mini_met > 100))&&( mini_mt > 120))&&(x < 0.3))&&(mini_met > 250.0))&&(mini_dphimjmin>0.8))&&(mini_pt_b_bup > 100.0))&&(mini_mt2wbup>200.0)

Selection btag down : (((((((((((((rhovor>0 && rhovor<40)&&(ngoodlep > 0 && abs( pflep1.Pt() - lep1.Pt() ) < 10.0 && abs(isopf1 * lep1.Pt() ) < 5.0))&&((leptype==0 && abs(lep1->Eta())<1.4442 && lep1->Pt()>30.0 && eoverpin < 4.0 && (isdata==0 || ele27wp80==1))||(leptype==1 && abs(lep1->Eta())<2.1    && lep1->Pt()>25.0 && (isdata==0 || isomu24==1))))&&(mini_njets >= 4))&&(mini_nbdownBC >= 1))&&(mini_passisotrk==1))&&(mini_passtauveto == 1))&&(mini_met > 100))&&( mini_mt > 120))&&(x < 0.3))&&(mini_met > 250.0))&&(mini_dphimjmin>0.8))&&(mini_pt_b_bdown > 100.0))&&(mini_mt2wbdown>200.0)

efficiency (500,50)  1.6672
nevents              324
xsec UL              0.974153
xsec UL exp          1.03905
JES                  0.0049037
tot err              0.0906713
btag err             0.0269314
ISR err              0.0462162
stat err             0.0555556


efficiency (500,50)  1.44121
nevents              252
xsec UL              0.343017
xsec UL exp          0.424857
JES                  0.0168479
tot err              0.0930692
btag err             0.0301027
ISR err              0.0462152
stat err             0.0629941


efficiency (500,50)  1.0787
nevents              173
xsec UL              0.167818
xsec UL exp          0.226293
JES                  0.0067338
tot err              0.0930719
btag err             0.0271781
ISR err              0.0504221
stat err             0.0760286


efficiency (500,50)  0.708142
nevents              95
xsec UL              0.125283
xsec UL exp          0.174527
JES                  0.0523567
tot err              0.110594
btag err             0.0333237
ISR err              0.055167
stat err             0.102598


efficiency (500,50)  1.14964
nevents              232
xsec UL              0.16237
xsec UL exp          0.12713
JES                  0.0252786
tot err              0.0966919
btag err             0.0341952
ISR err              0.0469574
stat err             0.0656532


efficiency (500,50)  0.990204
nevents              180
xsec UL              0.100471
xsec UL exp          0.0952925
JES                  0.0398691
tot err              0.10153
btag err             0.0358938
ISR err              0.0457644
stat err             0.0745356


efficiency (500,50)  0.75518
nevents              128
xsec UL              0.077414
xsec UL exp          0.0808094
JES                  0.0241243
tot err              0.0972648
btag err             0.032106
ISR err              0.0501165
stat err             0.0883883


efficiency (500,50)  0.510928
nevents              69
xsec UL              0.0501852
xsec UL exp          0.0772852
JES                  0.0510252
tot err              0.113458
btag err             0.0409138
ISR err              0.0570894
stat err             0.120386


