----------------------------------------------------
Sample            T2bw_MG
logfile           logfiles/T2bw_MG_x50T2BW_SS_BDT.log
x                 50
pol               T2BW_SS
Using file        /tas/cms2/stop/cms2V05-03-26_stoplooperV00-02-25/T2bw_mad/minibaby_V00-03-11/Skim_4jets_MET100_MT120/merged*x050*root
Using file        
Using denominator /tas/cms2/stop/cms2V05-03-26_stoplooperV00-02-25/T2bw_mad/minibaby_V00-03-11/Skim_4jets_MET100_MT120/myMassDB_mStop_combined_x50_25GeVbins.root
Denom histo       masses
Using lumi        19500 pb-1
----------------------------------------------------
Using pre-selection   ((((((((((rhovor>0 && rhovor<40)&&(ngoodlep > 0 && abs( pflep1.Pt() - lep1.Pt() ) < 10.0 && abs(isopf1 * lep1.Pt() ) < 5.0))&&((leptype==0 && abs(lep1->Eta())<1.4442 && lep1->Pt()>30.0 && eoverpin < 4.0 && (isdata==0 || ele27wp80==1))||(leptype==1 && abs(lep1->Eta())<2.1    && lep1->Pt()>25.0 && (isdata==0 || isomu24==1))))&&(mini_njets >= 4))&&(mini_nb >= 1))&&(mini_passisotrk==1))&&(mini_passtauveto == 1))&&(mini_met > 100))&&( mini_mt > 120))&&(event%2==0))&&(x > 0.3 && x < 0.7)
Using weight          mini_sltrigeff * mini_t2bwweight_ss * 2
Using ISR weight      mini_isrweight
Signal region       : T2BW50_BDT1

Selection           : (((((((((((rhovor>0 && rhovor<40)&&(ngoodlep > 0 && abs( pflep1.Pt() - lep1.Pt() ) < 10.0 && abs(isopf1 * lep1.Pt() ) < 5.0))&&((leptype==0 && abs(lep1->Eta())<1.4442 && lep1->Pt()>30.0 && eoverpin < 4.0 && (isdata==0 || ele27wp80==1))||(leptype==1 && abs(lep1->Eta())<2.1    && lep1->Pt()>25.0 && (isdata==0 || isomu24==1))))&&(mini_njets >= 4))&&(mini_nb >= 1))&&(mini_passisotrk==1))&&(mini_passtauveto == 1))&&(mini_met > 100))&&( mini_mt > 120))&&(event%2==0))&&(x > 0.3 && x < 0.7))&&(mini_bdt[12] > 0.35)

Selection JES up    : (((((((((((rhovor>0 && rhovor<40)&&(ngoodlep > 0 && abs( pflep1.Pt() - lep1.Pt() ) < 10.0 && abs(isopf1 * lep1.Pt() ) < 5.0))&&((leptype==0 && abs(lep1->Eta())<1.4442 && lep1->Pt()>30.0 && eoverpin < 4.0 && (isdata==0 || ele27wp80==1))||(leptype==1 && abs(lep1->Eta())<2.1    && lep1->Pt()>25.0 && (isdata==0 || isomu24==1))))&&(mini_njetsup >= 4))&&(mini_nb >= 1))&&(mini_passisotrk==1))&&(mini_passtauveto == 1))&&(mini_metup > 100))&&(mini_mtup > 120))&&(event%2==0))&&(x > 0.3 && x < 0.7))&&(mini_bdtup[12] > 0.35)

Selection JES down  : (((((((((((rhovor>0 && rhovor<40)&&(ngoodlep > 0 && abs( pflep1.Pt() - lep1.Pt() ) < 10.0 && abs(isopf1 * lep1.Pt() ) < 5.0))&&((leptype==0 && abs(lep1->Eta())<1.4442 && lep1->Pt()>30.0 && eoverpin < 4.0 && (isdata==0 || ele27wp80==1))||(leptype==1 && abs(lep1->Eta())<2.1    && lep1->Pt()>25.0 && (isdata==0 || isomu24==1))))&&(mini_njetsdown >= 4))&&(mini_nb >= 1))&&(mini_passisotrk==1))&&(mini_passtauveto == 1))&&(mini_metdown > 100))&&(mini_mtdown > 120))&&(event%2==0))&&(x > 0.3 && x < 0.7))&&(mini_bdtdown[12] > 0.35)

Selection btag up   : (((((((((((rhovor>0 && rhovor<40)&&(ngoodlep > 0 && abs( pflep1.Pt() - lep1.Pt() ) < 10.0 && abs(isopf1 * lep1.Pt() ) < 5.0))&&((leptype==0 && abs(lep1->Eta())<1.4442 && lep1->Pt()>30.0 && eoverpin < 4.0 && (isdata==0 || ele27wp80==1))||(leptype==1 && abs(lep1->Eta())<2.1    && lep1->Pt()>25.0 && (isdata==0 || isomu24==1))))&&(mini_njets >= 4))&&(mini_nbupBC >= 1))&&(mini_passisotrk==1))&&(mini_passtauveto == 1))&&(mini_met > 100))&&( mini_mt > 120))&&(event%2==0))&&(x > 0.3 && x < 0.7))&&(mini_bdtbup[12] > 0.35)

Selection btag down : (((((((((((rhovor>0 && rhovor<40)&&(ngoodlep > 0 && abs( pflep1.Pt() - lep1.Pt() ) < 10.0 && abs(isopf1 * lep1.Pt() ) < 5.0))&&((leptype==0 && abs(lep1->Eta())<1.4442 && lep1->Pt()>30.0 && eoverpin < 4.0 && (isdata==0 || ele27wp80==1))||(leptype==1 && abs(lep1->Eta())<2.1    && lep1->Pt()>25.0 && (isdata==0 || isomu24==1))))&&(mini_njets >= 4))&&(mini_nbdownBC >= 1))&&(mini_passisotrk==1))&&(mini_passtauveto == 1))&&(mini_met > 100))&&( mini_mt > 120))&&(event%2==0))&&(x > 0.3 && x < 0.7))&&(mini_bdtbdown[12] > 0.35)

Signal region       : T2BW50_BDT2L

Selection           : (((((((((((rhovor>0 && rhovor<40)&&(ngoodlep > 0 && abs( pflep1.Pt() - lep1.Pt() ) < 10.0 && abs(isopf1 * lep1.Pt() ) < 5.0))&&((leptype==0 && abs(lep1->Eta())<1.4442 && lep1->Pt()>30.0 && eoverpin < 4.0 && (isdata==0 || ele27wp80==1))||(leptype==1 && abs(lep1->Eta())<2.1    && lep1->Pt()>25.0 && (isdata==0 || isomu24==1))))&&(mini_njets >= 4))&&(mini_nb >= 1))&&(mini_passisotrk==1))&&(mini_passtauveto == 1))&&(mini_met > 100))&&( mini_mt > 120))&&(event%2==0))&&(x > 0.3 && x < 0.7))&&(mini_bdt[13] > 0.45)

Selection JES up    : (((((((((((rhovor>0 && rhovor<40)&&(ngoodlep > 0 && abs( pflep1.Pt() - lep1.Pt() ) < 10.0 && abs(isopf1 * lep1.Pt() ) < 5.0))&&((leptype==0 && abs(lep1->Eta())<1.4442 && lep1->Pt()>30.0 && eoverpin < 4.0 && (isdata==0 || ele27wp80==1))||(leptype==1 && abs(lep1->Eta())<2.1    && lep1->Pt()>25.0 && (isdata==0 || isomu24==1))))&&(mini_njetsup >= 4))&&(mini_nb >= 1))&&(mini_passisotrk==1))&&(mini_passtauveto == 1))&&(mini_metup > 100))&&(mini_mtup > 120))&&(event%2==0))&&(x > 0.3 && x < 0.7))&&(mini_bdtup[13] > 0.45)

Selection JES down  : (((((((((((rhovor>0 && rhovor<40)&&(ngoodlep > 0 && abs( pflep1.Pt() - lep1.Pt() ) < 10.0 && abs(isopf1 * lep1.Pt() ) < 5.0))&&((leptype==0 && abs(lep1->Eta())<1.4442 && lep1->Pt()>30.0 && eoverpin < 4.0 && (isdata==0 || ele27wp80==1))||(leptype==1 && abs(lep1->Eta())<2.1    && lep1->Pt()>25.0 && (isdata==0 || isomu24==1))))&&(mini_njetsdown >= 4))&&(mini_nb >= 1))&&(mini_passisotrk==1))&&(mini_passtauveto == 1))&&(mini_metdown > 100))&&(mini_mtdown > 120))&&(event%2==0))&&(x > 0.3 && x < 0.7))&&(mini_bdtdown[13] > 0.45)

Selection btag up   : (((((((((((rhovor>0 && rhovor<40)&&(ngoodlep > 0 && abs( pflep1.Pt() - lep1.Pt() ) < 10.0 && abs(isopf1 * lep1.Pt() ) < 5.0))&&((leptype==0 && abs(lep1->Eta())<1.4442 && lep1->Pt()>30.0 && eoverpin < 4.0 && (isdata==0 || ele27wp80==1))||(leptype==1 && abs(lep1->Eta())<2.1    && lep1->Pt()>25.0 && (isdata==0 || isomu24==1))))&&(mini_njets >= 4))&&(mini_nbupBC >= 1))&&(mini_passisotrk==1))&&(mini_passtauveto == 1))&&(mini_met > 100))&&( mini_mt > 120))&&(event%2==0))&&(x > 0.3 && x < 0.7))&&(mini_bdtbup[13] > 0.45)

Selection btag down : (((((((((((rhovor>0 && rhovor<40)&&(ngoodlep > 0 && abs( pflep1.Pt() - lep1.Pt() ) < 10.0 && abs(isopf1 * lep1.Pt() ) < 5.0))&&((leptype==0 && abs(lep1->Eta())<1.4442 && lep1->Pt()>30.0 && eoverpin < 4.0 && (isdata==0 || ele27wp80==1))||(leptype==1 && abs(lep1->Eta())<2.1    && lep1->Pt()>25.0 && (isdata==0 || isomu24==1))))&&(mini_njets >= 4))&&(mini_nbdownBC >= 1))&&(mini_passisotrk==1))&&(mini_passtauveto == 1))&&(mini_met > 100))&&( mini_mt > 120))&&(event%2==0))&&(x > 0.3 && x < 0.7))&&(mini_bdtbdown[13] > 0.45)

Signal region       : T2BW50_BDT2T

Selection           : (((((((((((rhovor>0 && rhovor<40)&&(ngoodlep > 0 && abs( pflep1.Pt() - lep1.Pt() ) < 10.0 && abs(isopf1 * lep1.Pt() ) < 5.0))&&((leptype==0 && abs(lep1->Eta())<1.4442 && lep1->Pt()>30.0 && eoverpin < 4.0 && (isdata==0 || ele27wp80==1))||(leptype==1 && abs(lep1->Eta())<2.1    && lep1->Pt()>25.0 && (isdata==0 || isomu24==1))))&&(mini_njets >= 4))&&(mini_nb >= 1))&&(mini_passisotrk==1))&&(mini_passtauveto == 1))&&(mini_met > 100))&&( mini_mt > 120))&&(event%2==0))&&(x > 0.3 && x < 0.7))&&(mini_bdt[13] > 0.55)

Selection JES up    : (((((((((((rhovor>0 && rhovor<40)&&(ngoodlep > 0 && abs( pflep1.Pt() - lep1.Pt() ) < 10.0 && abs(isopf1 * lep1.Pt() ) < 5.0))&&((leptype==0 && abs(lep1->Eta())<1.4442 && lep1->Pt()>30.0 && eoverpin < 4.0 && (isdata==0 || ele27wp80==1))||(leptype==1 && abs(lep1->Eta())<2.1    && lep1->Pt()>25.0 && (isdata==0 || isomu24==1))))&&(mini_njetsup >= 4))&&(mini_nb >= 1))&&(mini_passisotrk==1))&&(mini_passtauveto == 1))&&(mini_metup > 100))&&(mini_mtup > 120))&&(event%2==0))&&(x > 0.3 && x < 0.7))&&(mini_bdtup[13] > 0.55)

Selection JES down  : (((((((((((rhovor>0 && rhovor<40)&&(ngoodlep > 0 && abs( pflep1.Pt() - lep1.Pt() ) < 10.0 && abs(isopf1 * lep1.Pt() ) < 5.0))&&((leptype==0 && abs(lep1->Eta())<1.4442 && lep1->Pt()>30.0 && eoverpin < 4.0 && (isdata==0 || ele27wp80==1))||(leptype==1 && abs(lep1->Eta())<2.1    && lep1->Pt()>25.0 && (isdata==0 || isomu24==1))))&&(mini_njetsdown >= 4))&&(mini_nb >= 1))&&(mini_passisotrk==1))&&(mini_passtauveto == 1))&&(mini_metdown > 100))&&(mini_mtdown > 120))&&(event%2==0))&&(x > 0.3 && x < 0.7))&&(mini_bdtdown[13] > 0.55)

Selection btag up   : (((((((((((rhovor>0 && rhovor<40)&&(ngoodlep > 0 && abs( pflep1.Pt() - lep1.Pt() ) < 10.0 && abs(isopf1 * lep1.Pt() ) < 5.0))&&((leptype==0 && abs(lep1->Eta())<1.4442 && lep1->Pt()>30.0 && eoverpin < 4.0 && (isdata==0 || ele27wp80==1))||(leptype==1 && abs(lep1->Eta())<2.1    && lep1->Pt()>25.0 && (isdata==0 || isomu24==1))))&&(mini_njets >= 4))&&(mini_nbupBC >= 1))&&(mini_passisotrk==1))&&(mini_passtauveto == 1))&&(mini_met > 100))&&( mini_mt > 120))&&(event%2==0))&&(x > 0.3 && x < 0.7))&&(mini_bdtbup[13] > 0.55)

Selection btag down : (((((((((((rhovor>0 && rhovor<40)&&(ngoodlep > 0 && abs( pflep1.Pt() - lep1.Pt() ) < 10.0 && abs(isopf1 * lep1.Pt() ) < 5.0))&&((leptype==0 && abs(lep1->Eta())<1.4442 && lep1->Pt()>30.0 && eoverpin < 4.0 && (isdata==0 || ele27wp80==1))||(leptype==1 && abs(lep1->Eta())<2.1    && lep1->Pt()>25.0 && (isdata==0 || isomu24==1))))&&(mini_njets >= 4))&&(mini_nbdownBC >= 1))&&(mini_passisotrk==1))&&(mini_passtauveto == 1))&&(mini_met > 100))&&( mini_mt > 120))&&(event%2==0))&&(x > 0.3 && x < 0.7))&&(mini_bdtbdown[13] > 0.55)

Signal region       : T2BW50_BDT3

Selection           : (((((((((((rhovor>0 && rhovor<40)&&(ngoodlep > 0 && abs( pflep1.Pt() - lep1.Pt() ) < 10.0 && abs(isopf1 * lep1.Pt() ) < 5.0))&&((leptype==0 && abs(lep1->Eta())<1.4442 && lep1->Pt()>30.0 && eoverpin < 4.0 && (isdata==0 || ele27wp80==1))||(leptype==1 && abs(lep1->Eta())<2.1    && lep1->Pt()>25.0 && (isdata==0 || isomu24==1))))&&(mini_njets >= 4))&&(mini_nb >= 1))&&(mini_passisotrk==1))&&(mini_passtauveto == 1))&&(mini_met > 100))&&( mini_mt > 120))&&(event%2==0))&&(x > 0.3 && x < 0.7))&&(mini_bdt[14] > 0.35)

Selection JES up    : (((((((((((rhovor>0 && rhovor<40)&&(ngoodlep > 0 && abs( pflep1.Pt() - lep1.Pt() ) < 10.0 && abs(isopf1 * lep1.Pt() ) < 5.0))&&((leptype==0 && abs(lep1->Eta())<1.4442 && lep1->Pt()>30.0 && eoverpin < 4.0 && (isdata==0 || ele27wp80==1))||(leptype==1 && abs(lep1->Eta())<2.1    && lep1->Pt()>25.0 && (isdata==0 || isomu24==1))))&&(mini_njetsup >= 4))&&(mini_nb >= 1))&&(mini_passisotrk==1))&&(mini_passtauveto == 1))&&(mini_metup > 100))&&(mini_mtup > 120))&&(event%2==0))&&(x > 0.3 && x < 0.7))&&(mini_bdtup[14] > 0.35)

Selection JES down  : (((((((((((rhovor>0 && rhovor<40)&&(ngoodlep > 0 && abs( pflep1.Pt() - lep1.Pt() ) < 10.0 && abs(isopf1 * lep1.Pt() ) < 5.0))&&((leptype==0 && abs(lep1->Eta())<1.4442 && lep1->Pt()>30.0 && eoverpin < 4.0 && (isdata==0 || ele27wp80==1))||(leptype==1 && abs(lep1->Eta())<2.1    && lep1->Pt()>25.0 && (isdata==0 || isomu24==1))))&&(mini_njetsdown >= 4))&&(mini_nb >= 1))&&(mini_passisotrk==1))&&(mini_passtauveto == 1))&&(mini_metdown > 100))&&(mini_mtdown > 120))&&(event%2==0))&&(x > 0.3 && x < 0.7))&&(mini_bdtdown[14] > 0.35)

Selection btag up   : (((((((((((rhovor>0 && rhovor<40)&&(ngoodlep > 0 && abs( pflep1.Pt() - lep1.Pt() ) < 10.0 && abs(isopf1 * lep1.Pt() ) < 5.0))&&((leptype==0 && abs(lep1->Eta())<1.4442 && lep1->Pt()>30.0 && eoverpin < 4.0 && (isdata==0 || ele27wp80==1))||(leptype==1 && abs(lep1->Eta())<2.1    && lep1->Pt()>25.0 && (isdata==0 || isomu24==1))))&&(mini_njets >= 4))&&(mini_nbupBC >= 1))&&(mini_passisotrk==1))&&(mini_passtauveto == 1))&&(mini_met > 100))&&( mini_mt > 120))&&(event%2==0))&&(x > 0.3 && x < 0.7))&&(mini_bdtbup[14] > 0.35)

Selection btag down : (((((((((((rhovor>0 && rhovor<40)&&(ngoodlep > 0 && abs( pflep1.Pt() - lep1.Pt() ) < 10.0 && abs(isopf1 * lep1.Pt() ) < 5.0))&&((leptype==0 && abs(lep1->Eta())<1.4442 && lep1->Pt()>30.0 && eoverpin < 4.0 && (isdata==0 || ele27wp80==1))||(leptype==1 && abs(lep1->Eta())<2.1    && lep1->Pt()>25.0 && (isdata==0 || isomu24==1))))&&(mini_njets >= 4))&&(mini_nbdownBC >= 1))&&(mini_passisotrk==1))&&(mini_passtauveto == 1))&&(mini_met > 100))&&( mini_mt > 120))&&(event%2==0))&&(x > 0.3 && x < 0.7))&&(mini_bdtbdown[14] > 0.35)

Signal region       : T2BW50_BDT4

Selection           : (((((((((((rhovor>0 && rhovor<40)&&(ngoodlep > 0 && abs( pflep1.Pt() - lep1.Pt() ) < 10.0 && abs(isopf1 * lep1.Pt() ) < 5.0))&&((leptype==0 && abs(lep1->Eta())<1.4442 && lep1->Pt()>30.0 && eoverpin < 4.0 && (isdata==0 || ele27wp80==1))||(leptype==1 && abs(lep1->Eta())<2.1    && lep1->Pt()>25.0 && (isdata==0 || isomu24==1))))&&(mini_njets >= 4))&&(mini_nb >= 1))&&(mini_passisotrk==1))&&(mini_passtauveto == 1))&&(mini_met > 100))&&( mini_mt > 120))&&(event%2==0))&&(x > 0.3 && x < 0.7))&&(mini_bdt[15] > 0.425)

Selection JES up    : (((((((((((rhovor>0 && rhovor<40)&&(ngoodlep > 0 && abs( pflep1.Pt() - lep1.Pt() ) < 10.0 && abs(isopf1 * lep1.Pt() ) < 5.0))&&((leptype==0 && abs(lep1->Eta())<1.4442 && lep1->Pt()>30.0 && eoverpin < 4.0 && (isdata==0 || ele27wp80==1))||(leptype==1 && abs(lep1->Eta())<2.1    && lep1->Pt()>25.0 && (isdata==0 || isomu24==1))))&&(mini_njetsup >= 4))&&(mini_nb >= 1))&&(mini_passisotrk==1))&&(mini_passtauveto == 1))&&(mini_metup > 100))&&(mini_mtup > 120))&&(event%2==0))&&(x > 0.3 && x < 0.7))&&(mini_bdtup[15] > 0.425)

Selection JES down  : (((((((((((rhovor>0 && rhovor<40)&&(ngoodlep > 0 && abs( pflep1.Pt() - lep1.Pt() ) < 10.0 && abs(isopf1 * lep1.Pt() ) < 5.0))&&((leptype==0 && abs(lep1->Eta())<1.4442 && lep1->Pt()>30.0 && eoverpin < 4.0 && (isdata==0 || ele27wp80==1))||(leptype==1 && abs(lep1->Eta())<2.1    && lep1->Pt()>25.0 && (isdata==0 || isomu24==1))))&&(mini_njetsdown >= 4))&&(mini_nb >= 1))&&(mini_passisotrk==1))&&(mini_passtauveto == 1))&&(mini_metdown > 100))&&(mini_mtdown > 120))&&(event%2==0))&&(x > 0.3 && x < 0.7))&&(mini_bdtdown[15] > 0.425)

Selection btag up   : (((((((((((rhovor>0 && rhovor<40)&&(ngoodlep > 0 && abs( pflep1.Pt() - lep1.Pt() ) < 10.0 && abs(isopf1 * lep1.Pt() ) < 5.0))&&((leptype==0 && abs(lep1->Eta())<1.4442 && lep1->Pt()>30.0 && eoverpin < 4.0 && (isdata==0 || ele27wp80==1))||(leptype==1 && abs(lep1->Eta())<2.1    && lep1->Pt()>25.0 && (isdata==0 || isomu24==1))))&&(mini_njets >= 4))&&(mini_nbupBC >= 1))&&(mini_passisotrk==1))&&(mini_passtauveto == 1))&&(mini_met > 100))&&( mini_mt > 120))&&(event%2==0))&&(x > 0.3 && x < 0.7))&&(mini_bdtbup[15] > 0.425)

Selection btag down : (((((((((((rhovor>0 && rhovor<40)&&(ngoodlep > 0 && abs( pflep1.Pt() - lep1.Pt() ) < 10.0 && abs(isopf1 * lep1.Pt() ) < 5.0))&&((leptype==0 && abs(lep1->Eta())<1.4442 && lep1->Pt()>30.0 && eoverpin < 4.0 && (isdata==0 || ele27wp80==1))||(leptype==1 && abs(lep1->Eta())<2.1    && lep1->Pt()>25.0 && (isdata==0 || isomu24==1))))&&(mini_njets >= 4))&&(mini_nbdownBC >= 1))&&(mini_passisotrk==1))&&(mini_passtauveto == 1))&&(mini_met > 100))&&( mini_mt > 120))&&(event%2==0))&&(x > 0.3 && x < 0.7))&&(mini_bdtbdown[15] > 0.425)

efficiency (500,50)  1.14919
nevents              98
xsec UL              0.0905875
xsec UL exp          0.114685
JES                  0.00575739
tot err              0.0856987
btag err             0.0171325
ISR err              0.0410073
stat err             0.101015


efficiency (500,50)  1.91022
nevents              165
xsec UL              0.0314101
xsec UL exp          0.0502024
JES                  0.0637482
tot err              0.10919
btag err             0.0175022
ISR err              0.0470774
stat err             0.0778499


efficiency (500,50)  0.978329
nevents              87
xsec UL              0.0503213
xsec UL exp          0.0513696
JES                  0.0341807
tot err              0.0910243
btag err             0.00518674
ISR err              0.0418832
stat err             0.107211


efficiency (500,50)  1.31954
nevents              114
xsec UL              0.0322567
xsec UL exp          0.0411953
JES                  0.0468227
tot err              0.10527
btag err             0.0147596
ISR err              0.0577535
stat err             0.0936586


efficiency (500,50)  0.312574
nevents              27
xsec UL              0.214924
xsec UL exp          0.280549
JES                  0.117216
tot err              0.155219
btag err             0.0353795
ISR err              0.0613642
stat err             0.19245


