----------------------------------------------------
Sample            T2bw_MG
logfile           T2bw_MG_x75T2BW_SL.log
x                 75
pol               T2BW_SL
Using file        /tas/cms2/stop/cms2V05-03-26_stoplooperV00-02-25/T2bw_mad/minibaby_V00-03-10/Skim_4jets_MET100_MT120/merged*x075*root
Using denominator /tas/cms2/stop/cms2V05-03-26_stoplooperV00-02-25/T2bw_mad/minibaby_V00-03-10/Skim_4jets_MET100_MT120/myMassDB_mStop_x75_25GeVbins.root
Denom histo       masses75
Using lumi        19500 pb-1
----------------------------------------------------
Using pre-selection   (((((((((rhovor>0 && rhovor<40)&&(ngoodlep > 0 && abs( pflep1.Pt() - lep1.Pt() ) < 10.0 && abs(isopf1 * lep1.Pt() ) < 5.0))&&((leptype==0 && abs(lep1->Eta())<1.4442 && lep1->Pt()>30.0 && eoverpin < 4.0 && (isdata==0 || ele27wp80==1))||(leptype==1 && abs(lep1->Eta())<2.1    && lep1->Pt()>25.0 && (isdata==0 || isomu24==1))))&&(mini_njets >= 4))&&(mini_nb >= 1))&&(mini_passisotrk==1))&&(mini_passtauveto == 1))&&(mini_met > 100))&&( mini_mt > 120))&&(x > 0.7)
Using weight          mini_sltrigeff * mini_t2bwweight_sl * 1
Using ISR weight      mini_isrweight
Signal region       : T2BW_LM100

Selection           : (((((((((((rhovor>0 && rhovor<40)&&(ngoodlep > 0 && abs( pflep1.Pt() - lep1.Pt() ) < 10.0 && abs(isopf1 * lep1.Pt() ) < 5.0))&&((leptype==0 && abs(lep1->Eta())<1.4442 && lep1->Pt()>30.0 && eoverpin < 4.0 && (isdata==0 || ele27wp80==1))||(leptype==1 && abs(lep1->Eta())<2.1    && lep1->Pt()>25.0 && (isdata==0 || isomu24==1))))&&(mini_njets >= 4))&&(mini_nb >= 1))&&(mini_passisotrk==1))&&(mini_passtauveto == 1))&&(mini_met > 100))&&( mini_mt > 120))&&(x > 0.7))&&(mini_met > 100))&&(mini_dphimjmin>0.8)

Selection JES up    : (((((((((((rhovor>0 && rhovor<40)&&(ngoodlep > 0 && abs( pflep1.Pt() - lep1.Pt() ) < 10.0 && abs(isopf1 * lep1.Pt() ) < 5.0))&&((leptype==0 && abs(lep1->Eta())<1.4442 && lep1->Pt()>30.0 && eoverpin < 4.0 && (isdata==0 || ele27wp80==1))||(leptype==1 && abs(lep1->Eta())<2.1    && lep1->Pt()>25.0 && (isdata==0 || isomu24==1))))&&(mini_njetsup >= 4))&&(mini_nb >= 1))&&(mini_passisotrk==1))&&(mini_passtauveto == 1))&&(mini_metup > 100))&&(mini_mtup > 120))&&(x > 0.7))&&(mini_metup > 100))&&(mini_dphimjmin>0.8)

Selection JES down  : (((((((((((rhovor>0 && rhovor<40)&&(ngoodlep > 0 && abs( pflep1.Pt() - lep1.Pt() ) < 10.0 && abs(isopf1 * lep1.Pt() ) < 5.0))&&((leptype==0 && abs(lep1->Eta())<1.4442 && lep1->Pt()>30.0 && eoverpin < 4.0 && (isdata==0 || ele27wp80==1))||(leptype==1 && abs(lep1->Eta())<2.1    && lep1->Pt()>25.0 && (isdata==0 || isomu24==1))))&&(mini_njetsdown >= 4))&&(mini_nb >= 1))&&(mini_passisotrk==1))&&(mini_passtauveto == 1))&&(mini_metdown > 100))&&(mini_mtdown > 120))&&(x > 0.7))&&(mini_metdown > 100))&&(mini_dphimjmin>0.8)

Selection btag up   : (((((((((((rhovor>0 && rhovor<40)&&(ngoodlep > 0 && abs( pflep1.Pt() - lep1.Pt() ) < 10.0 && abs(isopf1 * lep1.Pt() ) < 5.0))&&((leptype==0 && abs(lep1->Eta())<1.4442 && lep1->Pt()>30.0 && eoverpin < 4.0 && (isdata==0 || ele27wp80==1))||(leptype==1 && abs(lep1->Eta())<2.1    && lep1->Pt()>25.0 && (isdata==0 || isomu24==1))))&&(mini_njets >= 4))&&(mini_nbupBC >= 1))&&(mini_passisotrk==1))&&(mini_passtauveto == 1))&&(mini_met > 100))&&( mini_mt > 120))&&(x > 0.7))&&(mini_met > 100))&&(mini_dphimjmin>0.8)

Selection btag down : (((((((((((rhovor>0 && rhovor<40)&&(ngoodlep > 0 && abs( pflep1.Pt() - lep1.Pt() ) < 10.0 && abs(isopf1 * lep1.Pt() ) < 5.0))&&((leptype==0 && abs(lep1->Eta())<1.4442 && lep1->Pt()>30.0 && eoverpin < 4.0 && (isdata==0 || ele27wp80==1))||(leptype==1 && abs(lep1->Eta())<2.1    && lep1->Pt()>25.0 && (isdata==0 || isomu24==1))))&&(mini_njets >= 4))&&(mini_nbdownBC >= 1))&&(mini_passisotrk==1))&&(mini_passtauveto == 1))&&(mini_met > 100))&&( mini_mt > 120))&&(x > 0.7))&&(mini_met > 100))&&(mini_dphimjmin>0.8)

Signal region       : T2BW_LM150

Selection           : (((((((((((rhovor>0 && rhovor<40)&&(ngoodlep > 0 && abs( pflep1.Pt() - lep1.Pt() ) < 10.0 && abs(isopf1 * lep1.Pt() ) < 5.0))&&((leptype==0 && abs(lep1->Eta())<1.4442 && lep1->Pt()>30.0 && eoverpin < 4.0 && (isdata==0 || ele27wp80==1))||(leptype==1 && abs(lep1->Eta())<2.1    && lep1->Pt()>25.0 && (isdata==0 || isomu24==1))))&&(mini_njets >= 4))&&(mini_nb >= 1))&&(mini_passisotrk==1))&&(mini_passtauveto == 1))&&(mini_met > 100))&&( mini_mt > 120))&&(x > 0.7))&&(mini_met > 150.0))&&(mini_dphimjmin>0.8)

Selection JES up    : (((((((((((rhovor>0 && rhovor<40)&&(ngoodlep > 0 && abs( pflep1.Pt() - lep1.Pt() ) < 10.0 && abs(isopf1 * lep1.Pt() ) < 5.0))&&((leptype==0 && abs(lep1->Eta())<1.4442 && lep1->Pt()>30.0 && eoverpin < 4.0 && (isdata==0 || ele27wp80==1))||(leptype==1 && abs(lep1->Eta())<2.1    && lep1->Pt()>25.0 && (isdata==0 || isomu24==1))))&&(mini_njetsup >= 4))&&(mini_nb >= 1))&&(mini_passisotrk==1))&&(mini_passtauveto == 1))&&(mini_metup > 100))&&(mini_mtup > 120))&&(x > 0.7))&&(mini_metup > 150.0))&&(mini_dphimjmin>0.8)

Selection JES down  : (((((((((((rhovor>0 && rhovor<40)&&(ngoodlep > 0 && abs( pflep1.Pt() - lep1.Pt() ) < 10.0 && abs(isopf1 * lep1.Pt() ) < 5.0))&&((leptype==0 && abs(lep1->Eta())<1.4442 && lep1->Pt()>30.0 && eoverpin < 4.0 && (isdata==0 || ele27wp80==1))||(leptype==1 && abs(lep1->Eta())<2.1    && lep1->Pt()>25.0 && (isdata==0 || isomu24==1))))&&(mini_njetsdown >= 4))&&(mini_nb >= 1))&&(mini_passisotrk==1))&&(mini_passtauveto == 1))&&(mini_metdown > 100))&&(mini_mtdown > 120))&&(x > 0.7))&&(mini_metdown > 150.0))&&(mini_dphimjmin>0.8)

Selection btag up   : (((((((((((rhovor>0 && rhovor<40)&&(ngoodlep > 0 && abs( pflep1.Pt() - lep1.Pt() ) < 10.0 && abs(isopf1 * lep1.Pt() ) < 5.0))&&((leptype==0 && abs(lep1->Eta())<1.4442 && lep1->Pt()>30.0 && eoverpin < 4.0 && (isdata==0 || ele27wp80==1))||(leptype==1 && abs(lep1->Eta())<2.1    && lep1->Pt()>25.0 && (isdata==0 || isomu24==1))))&&(mini_njets >= 4))&&(mini_nbupBC >= 1))&&(mini_passisotrk==1))&&(mini_passtauveto == 1))&&(mini_met > 100))&&( mini_mt > 120))&&(x > 0.7))&&(mini_met > 150.0))&&(mini_dphimjmin>0.8)

Selection btag down : (((((((((((rhovor>0 && rhovor<40)&&(ngoodlep > 0 && abs( pflep1.Pt() - lep1.Pt() ) < 10.0 && abs(isopf1 * lep1.Pt() ) < 5.0))&&((leptype==0 && abs(lep1->Eta())<1.4442 && lep1->Pt()>30.0 && eoverpin < 4.0 && (isdata==0 || ele27wp80==1))||(leptype==1 && abs(lep1->Eta())<2.1    && lep1->Pt()>25.0 && (isdata==0 || isomu24==1))))&&(mini_njets >= 4))&&(mini_nbdownBC >= 1))&&(mini_passisotrk==1))&&(mini_passtauveto == 1))&&(mini_met > 100))&&( mini_mt > 120))&&(x > 0.7))&&(mini_met > 150.0))&&(mini_dphimjmin>0.8)

Signal region       : T2BW_LM200

Selection           : (((((((((((rhovor>0 && rhovor<40)&&(ngoodlep > 0 && abs( pflep1.Pt() - lep1.Pt() ) < 10.0 && abs(isopf1 * lep1.Pt() ) < 5.0))&&((leptype==0 && abs(lep1->Eta())<1.4442 && lep1->Pt()>30.0 && eoverpin < 4.0 && (isdata==0 || ele27wp80==1))||(leptype==1 && abs(lep1->Eta())<2.1    && lep1->Pt()>25.0 && (isdata==0 || isomu24==1))))&&(mini_njets >= 4))&&(mini_nb >= 1))&&(mini_passisotrk==1))&&(mini_passtauveto == 1))&&(mini_met > 100))&&( mini_mt > 120))&&(x > 0.7))&&(mini_met > 200.0))&&(mini_dphimjmin>0.8)

Selection JES up    : (((((((((((rhovor>0 && rhovor<40)&&(ngoodlep > 0 && abs( pflep1.Pt() - lep1.Pt() ) < 10.0 && abs(isopf1 * lep1.Pt() ) < 5.0))&&((leptype==0 && abs(lep1->Eta())<1.4442 && lep1->Pt()>30.0 && eoverpin < 4.0 && (isdata==0 || ele27wp80==1))||(leptype==1 && abs(lep1->Eta())<2.1    && lep1->Pt()>25.0 && (isdata==0 || isomu24==1))))&&(mini_njetsup >= 4))&&(mini_nb >= 1))&&(mini_passisotrk==1))&&(mini_passtauveto == 1))&&(mini_metup > 100))&&(mini_mtup > 120))&&(x > 0.7))&&(mini_metup > 200.0))&&(mini_dphimjmin>0.8)

Selection JES down  : (((((((((((rhovor>0 && rhovor<40)&&(ngoodlep > 0 && abs( pflep1.Pt() - lep1.Pt() ) < 10.0 && abs(isopf1 * lep1.Pt() ) < 5.0))&&((leptype==0 && abs(lep1->Eta())<1.4442 && lep1->Pt()>30.0 && eoverpin < 4.0 && (isdata==0 || ele27wp80==1))||(leptype==1 && abs(lep1->Eta())<2.1    && lep1->Pt()>25.0 && (isdata==0 || isomu24==1))))&&(mini_njetsdown >= 4))&&(mini_nb >= 1))&&(mini_passisotrk==1))&&(mini_passtauveto == 1))&&(mini_metdown > 100))&&(mini_mtdown > 120))&&(x > 0.7))&&(mini_metdown > 200.0))&&(mini_dphimjmin>0.8)

Selection btag up   : (((((((((((rhovor>0 && rhovor<40)&&(ngoodlep > 0 && abs( pflep1.Pt() - lep1.Pt() ) < 10.0 && abs(isopf1 * lep1.Pt() ) < 5.0))&&((leptype==0 && abs(lep1->Eta())<1.4442 && lep1->Pt()>30.0 && eoverpin < 4.0 && (isdata==0 || ele27wp80==1))||(leptype==1 && abs(lep1->Eta())<2.1    && lep1->Pt()>25.0 && (isdata==0 || isomu24==1))))&&(mini_njets >= 4))&&(mini_nbupBC >= 1))&&(mini_passisotrk==1))&&(mini_passtauveto == 1))&&(mini_met > 100))&&( mini_mt > 120))&&(x > 0.7))&&(mini_met > 200.0))&&(mini_dphimjmin>0.8)

Selection btag down : (((((((((((rhovor>0 && rhovor<40)&&(ngoodlep > 0 && abs( pflep1.Pt() - lep1.Pt() ) < 10.0 && abs(isopf1 * lep1.Pt() ) < 5.0))&&((leptype==0 && abs(lep1->Eta())<1.4442 && lep1->Pt()>30.0 && eoverpin < 4.0 && (isdata==0 || ele27wp80==1))||(leptype==1 && abs(lep1->Eta())<2.1    && lep1->Pt()>25.0 && (isdata==0 || isomu24==1))))&&(mini_njets >= 4))&&(mini_nbdownBC >= 1))&&(mini_passisotrk==1))&&(mini_passtauveto == 1))&&(mini_met > 100))&&( mini_mt > 120))&&(x > 0.7))&&(mini_met > 200.0))&&(mini_dphimjmin>0.8)

Signal region       : T2BW_LM250

Selection           : (((((((((((rhovor>0 && rhovor<40)&&(ngoodlep > 0 && abs( pflep1.Pt() - lep1.Pt() ) < 10.0 && abs(isopf1 * lep1.Pt() ) < 5.0))&&((leptype==0 && abs(lep1->Eta())<1.4442 && lep1->Pt()>30.0 && eoverpin < 4.0 && (isdata==0 || ele27wp80==1))||(leptype==1 && abs(lep1->Eta())<2.1    && lep1->Pt()>25.0 && (isdata==0 || isomu24==1))))&&(mini_njets >= 4))&&(mini_nb >= 1))&&(mini_passisotrk==1))&&(mini_passtauveto == 1))&&(mini_met > 100))&&( mini_mt > 120))&&(x > 0.7))&&(mini_met > 250.0))&&(mini_dphimjmin>0.8)

Selection JES up    : (((((((((((rhovor>0 && rhovor<40)&&(ngoodlep > 0 && abs( pflep1.Pt() - lep1.Pt() ) < 10.0 && abs(isopf1 * lep1.Pt() ) < 5.0))&&((leptype==0 && abs(lep1->Eta())<1.4442 && lep1->Pt()>30.0 && eoverpin < 4.0 && (isdata==0 || ele27wp80==1))||(leptype==1 && abs(lep1->Eta())<2.1    && lep1->Pt()>25.0 && (isdata==0 || isomu24==1))))&&(mini_njetsup >= 4))&&(mini_nb >= 1))&&(mini_passisotrk==1))&&(mini_passtauveto == 1))&&(mini_metup > 100))&&(mini_mtup > 120))&&(x > 0.7))&&(mini_metup > 250.0))&&(mini_dphimjmin>0.8)

Selection JES down  : (((((((((((rhovor>0 && rhovor<40)&&(ngoodlep > 0 && abs( pflep1.Pt() - lep1.Pt() ) < 10.0 && abs(isopf1 * lep1.Pt() ) < 5.0))&&((leptype==0 && abs(lep1->Eta())<1.4442 && lep1->Pt()>30.0 && eoverpin < 4.0 && (isdata==0 || ele27wp80==1))||(leptype==1 && abs(lep1->Eta())<2.1    && lep1->Pt()>25.0 && (isdata==0 || isomu24==1))))&&(mini_njetsdown >= 4))&&(mini_nb >= 1))&&(mini_passisotrk==1))&&(mini_passtauveto == 1))&&(mini_metdown > 100))&&(mini_mtdown > 120))&&(x > 0.7))&&(mini_metdown > 250.0))&&(mini_dphimjmin>0.8)

Selection btag up   : (((((((((((rhovor>0 && rhovor<40)&&(ngoodlep > 0 && abs( pflep1.Pt() - lep1.Pt() ) < 10.0 && abs(isopf1 * lep1.Pt() ) < 5.0))&&((leptype==0 && abs(lep1->Eta())<1.4442 && lep1->Pt()>30.0 && eoverpin < 4.0 && (isdata==0 || ele27wp80==1))||(leptype==1 && abs(lep1->Eta())<2.1    && lep1->Pt()>25.0 && (isdata==0 || isomu24==1))))&&(mini_njets >= 4))&&(mini_nbupBC >= 1))&&(mini_passisotrk==1))&&(mini_passtauveto == 1))&&(mini_met > 100))&&( mini_mt > 120))&&(x > 0.7))&&(mini_met > 250.0))&&(mini_dphimjmin>0.8)

Selection btag down : (((((((((((rhovor>0 && rhovor<40)&&(ngoodlep > 0 && abs( pflep1.Pt() - lep1.Pt() ) < 10.0 && abs(isopf1 * lep1.Pt() ) < 5.0))&&((leptype==0 && abs(lep1->Eta())<1.4442 && lep1->Pt()>30.0 && eoverpin < 4.0 && (isdata==0 || ele27wp80==1))||(leptype==1 && abs(lep1->Eta())<2.1    && lep1->Pt()>25.0 && (isdata==0 || isomu24==1))))&&(mini_njets >= 4))&&(mini_nbdownBC >= 1))&&(mini_passisotrk==1))&&(mini_passtauveto == 1))&&(mini_met > 100))&&( mini_mt > 120))&&(x > 0.7))&&(mini_met > 250.0))&&(mini_dphimjmin>0.8)

Signal region       : T2BW_HM100

Selection           : (((((((((((((rhovor>0 && rhovor<40)&&(ngoodlep > 0 && abs( pflep1.Pt() - lep1.Pt() ) < 10.0 && abs(isopf1 * lep1.Pt() ) < 5.0))&&((leptype==0 && abs(lep1->Eta())<1.4442 && lep1->Pt()>30.0 && eoverpin < 4.0 && (isdata==0 || ele27wp80==1))||(leptype==1 && abs(lep1->Eta())<2.1    && lep1->Pt()>25.0 && (isdata==0 || isomu24==1))))&&(mini_njets >= 4))&&(mini_nb >= 1))&&(mini_passisotrk==1))&&(mini_passtauveto == 1))&&(mini_met > 100))&&( mini_mt > 120))&&(x > 0.7))&&(mini_met > 100))&&(mini_dphimjmin>0.8))&&(mini_pt_b > 100.0))&&(mini_mt2w>200.0)

Selection JES up    : (((((((((((((rhovor>0 && rhovor<40)&&(ngoodlep > 0 && abs( pflep1.Pt() - lep1.Pt() ) < 10.0 && abs(isopf1 * lep1.Pt() ) < 5.0))&&((leptype==0 && abs(lep1->Eta())<1.4442 && lep1->Pt()>30.0 && eoverpin < 4.0 && (isdata==0 || ele27wp80==1))||(leptype==1 && abs(lep1->Eta())<2.1    && lep1->Pt()>25.0 && (isdata==0 || isomu24==1))))&&(mini_njetsup >= 4))&&(mini_nb >= 1))&&(mini_passisotrk==1))&&(mini_passtauveto == 1))&&(mini_metup > 100))&&(mini_mtup > 120))&&(x > 0.7))&&(mini_metup > 100))&&(mini_dphimjmin>0.8))&&(mini_pt_b_up > 100.0))&&(mini_mt2wup>200.0)

Selection JES down  : (((((((((((((rhovor>0 && rhovor<40)&&(ngoodlep > 0 && abs( pflep1.Pt() - lep1.Pt() ) < 10.0 && abs(isopf1 * lep1.Pt() ) < 5.0))&&((leptype==0 && abs(lep1->Eta())<1.4442 && lep1->Pt()>30.0 && eoverpin < 4.0 && (isdata==0 || ele27wp80==1))||(leptype==1 && abs(lep1->Eta())<2.1    && lep1->Pt()>25.0 && (isdata==0 || isomu24==1))))&&(mini_njetsdown >= 4))&&(mini_nb >= 1))&&(mini_passisotrk==1))&&(mini_passtauveto == 1))&&(mini_metdown > 100))&&(mini_mtdown > 120))&&(x > 0.7))&&(mini_metdown > 100))&&(mini_dphimjmin>0.8))&&(mini_pt_b_down > 100.0))&&(mini_mt2wdown>200.0)

Selection btag up   : (((((((((((((rhovor>0 && rhovor<40)&&(ngoodlep > 0 && abs( pflep1.Pt() - lep1.Pt() ) < 10.0 && abs(isopf1 * lep1.Pt() ) < 5.0))&&((leptype==0 && abs(lep1->Eta())<1.4442 && lep1->Pt()>30.0 && eoverpin < 4.0 && (isdata==0 || ele27wp80==1))||(leptype==1 && abs(lep1->Eta())<2.1    && lep1->Pt()>25.0 && (isdata==0 || isomu24==1))))&&(mini_njets >= 4))&&(mini_nbupBC >= 1))&&(mini_passisotrk==1))&&(mini_passtauveto == 1))&&(mini_met > 100))&&( mini_mt > 120))&&(x > 0.7))&&(mini_met > 100))&&(mini_dphimjmin>0.8))&&(mini_pt_b_bup > 100.0))&&(mini_mt2wbup>200.0)

Selection btag down : (((((((((((((rhovor>0 && rhovor<40)&&(ngoodlep > 0 && abs( pflep1.Pt() - lep1.Pt() ) < 10.0 && abs(isopf1 * lep1.Pt() ) < 5.0))&&((leptype==0 && abs(lep1->Eta())<1.4442 && lep1->Pt()>30.0 && eoverpin < 4.0 && (isdata==0 || ele27wp80==1))||(leptype==1 && abs(lep1->Eta())<2.1    && lep1->Pt()>25.0 && (isdata==0 || isomu24==1))))&&(mini_njets >= 4))&&(mini_nbdownBC >= 1))&&(mini_passisotrk==1))&&(mini_passtauveto == 1))&&(mini_met > 100))&&( mini_mt > 120))&&(x > 0.7))&&(mini_met > 100))&&(mini_dphimjmin>0.8))&&(mini_pt_b_bdown > 100.0))&&(mini_mt2wbdown>200.0)

Signal region       : T2BW_HM150

Selection           : (((((((((((((rhovor>0 && rhovor<40)&&(ngoodlep > 0 && abs( pflep1.Pt() - lep1.Pt() ) < 10.0 && abs(isopf1 * lep1.Pt() ) < 5.0))&&((leptype==0 && abs(lep1->Eta())<1.4442 && lep1->Pt()>30.0 && eoverpin < 4.0 && (isdata==0 || ele27wp80==1))||(leptype==1 && abs(lep1->Eta())<2.1    && lep1->Pt()>25.0 && (isdata==0 || isomu24==1))))&&(mini_njets >= 4))&&(mini_nb >= 1))&&(mini_passisotrk==1))&&(mini_passtauveto == 1))&&(mini_met > 100))&&( mini_mt > 120))&&(x > 0.7))&&(mini_met > 150.0))&&(mini_dphimjmin>0.8))&&(mini_pt_b > 100.0))&&(mini_mt2w>200.0)

Selection JES up    : (((((((((((((rhovor>0 && rhovor<40)&&(ngoodlep > 0 && abs( pflep1.Pt() - lep1.Pt() ) < 10.0 && abs(isopf1 * lep1.Pt() ) < 5.0))&&((leptype==0 && abs(lep1->Eta())<1.4442 && lep1->Pt()>30.0 && eoverpin < 4.0 && (isdata==0 || ele27wp80==1))||(leptype==1 && abs(lep1->Eta())<2.1    && lep1->Pt()>25.0 && (isdata==0 || isomu24==1))))&&(mini_njetsup >= 4))&&(mini_nb >= 1))&&(mini_passisotrk==1))&&(mini_passtauveto == 1))&&(mini_metup > 100))&&(mini_mtup > 120))&&(x > 0.7))&&(mini_metup > 150.0))&&(mini_dphimjmin>0.8))&&(mini_pt_b_up > 100.0))&&(mini_mt2wup>200.0)

Selection JES down  : (((((((((((((rhovor>0 && rhovor<40)&&(ngoodlep > 0 && abs( pflep1.Pt() - lep1.Pt() ) < 10.0 && abs(isopf1 * lep1.Pt() ) < 5.0))&&((leptype==0 && abs(lep1->Eta())<1.4442 && lep1->Pt()>30.0 && eoverpin < 4.0 && (isdata==0 || ele27wp80==1))||(leptype==1 && abs(lep1->Eta())<2.1    && lep1->Pt()>25.0 && (isdata==0 || isomu24==1))))&&(mini_njetsdown >= 4))&&(mini_nb >= 1))&&(mini_passisotrk==1))&&(mini_passtauveto == 1))&&(mini_metdown > 100))&&(mini_mtdown > 120))&&(x > 0.7))&&(mini_metdown > 150.0))&&(mini_dphimjmin>0.8))&&(mini_pt_b_down > 100.0))&&(mini_mt2wdown>200.0)

Selection btag up   : (((((((((((((rhovor>0 && rhovor<40)&&(ngoodlep > 0 && abs( pflep1.Pt() - lep1.Pt() ) < 10.0 && abs(isopf1 * lep1.Pt() ) < 5.0))&&((leptype==0 && abs(lep1->Eta())<1.4442 && lep1->Pt()>30.0 && eoverpin < 4.0 && (isdata==0 || ele27wp80==1))||(leptype==1 && abs(lep1->Eta())<2.1    && lep1->Pt()>25.0 && (isdata==0 || isomu24==1))))&&(mini_njets >= 4))&&(mini_nbupBC >= 1))&&(mini_passisotrk==1))&&(mini_passtauveto == 1))&&(mini_met > 100))&&( mini_mt > 120))&&(x > 0.7))&&(mini_met > 150.0))&&(mini_dphimjmin>0.8))&&(mini_pt_b_bup > 100.0))&&(mini_mt2wbup>200.0)

Selection btag down : (((((((((((((rhovor>0 && rhovor<40)&&(ngoodlep > 0 && abs( pflep1.Pt() - lep1.Pt() ) < 10.0 && abs(isopf1 * lep1.Pt() ) < 5.0))&&((leptype==0 && abs(lep1->Eta())<1.4442 && lep1->Pt()>30.0 && eoverpin < 4.0 && (isdata==0 || ele27wp80==1))||(leptype==1 && abs(lep1->Eta())<2.1    && lep1->Pt()>25.0 && (isdata==0 || isomu24==1))))&&(mini_njets >= 4))&&(mini_nbdownBC >= 1))&&(mini_passisotrk==1))&&(mini_passtauveto == 1))&&(mini_met > 100))&&( mini_mt > 120))&&(x > 0.7))&&(mini_met > 150.0))&&(mini_dphimjmin>0.8))&&(mini_pt_b_bdown > 100.0))&&(mini_mt2wbdown>200.0)

Signal region       : T2BW_HM200

Selection           : (((((((((((((rhovor>0 && rhovor<40)&&(ngoodlep > 0 && abs( pflep1.Pt() - lep1.Pt() ) < 10.0 && abs(isopf1 * lep1.Pt() ) < 5.0))&&((leptype==0 && abs(lep1->Eta())<1.4442 && lep1->Pt()>30.0 && eoverpin < 4.0 && (isdata==0 || ele27wp80==1))||(leptype==1 && abs(lep1->Eta())<2.1    && lep1->Pt()>25.0 && (isdata==0 || isomu24==1))))&&(mini_njets >= 4))&&(mini_nb >= 1))&&(mini_passisotrk==1))&&(mini_passtauveto == 1))&&(mini_met > 100))&&( mini_mt > 120))&&(x > 0.7))&&(mini_met > 200.0))&&(mini_dphimjmin>0.8))&&(mini_pt_b > 100.0))&&(mini_mt2w>200.0)

Selection JES up    : (((((((((((((rhovor>0 && rhovor<40)&&(ngoodlep > 0 && abs( pflep1.Pt() - lep1.Pt() ) < 10.0 && abs(isopf1 * lep1.Pt() ) < 5.0))&&((leptype==0 && abs(lep1->Eta())<1.4442 && lep1->Pt()>30.0 && eoverpin < 4.0 && (isdata==0 || ele27wp80==1))||(leptype==1 && abs(lep1->Eta())<2.1    && lep1->Pt()>25.0 && (isdata==0 || isomu24==1))))&&(mini_njetsup >= 4))&&(mini_nb >= 1))&&(mini_passisotrk==1))&&(mini_passtauveto == 1))&&(mini_metup > 100))&&(mini_mtup > 120))&&(x > 0.7))&&(mini_metup > 200.0))&&(mini_dphimjmin>0.8))&&(mini_pt_b_up > 100.0))&&(mini_mt2wup>200.0)

Selection JES down  : (((((((((((((rhovor>0 && rhovor<40)&&(ngoodlep > 0 && abs( pflep1.Pt() - lep1.Pt() ) < 10.0 && abs(isopf1 * lep1.Pt() ) < 5.0))&&((leptype==0 && abs(lep1->Eta())<1.4442 && lep1->Pt()>30.0 && eoverpin < 4.0 && (isdata==0 || ele27wp80==1))||(leptype==1 && abs(lep1->Eta())<2.1    && lep1->Pt()>25.0 && (isdata==0 || isomu24==1))))&&(mini_njetsdown >= 4))&&(mini_nb >= 1))&&(mini_passisotrk==1))&&(mini_passtauveto == 1))&&(mini_metdown > 100))&&(mini_mtdown > 120))&&(x > 0.7))&&(mini_metdown > 200.0))&&(mini_dphimjmin>0.8))&&(mini_pt_b_down > 100.0))&&(mini_mt2wdown>200.0)

Selection btag up   : (((((((((((((rhovor>0 && rhovor<40)&&(ngoodlep > 0 && abs( pflep1.Pt() - lep1.Pt() ) < 10.0 && abs(isopf1 * lep1.Pt() ) < 5.0))&&((leptype==0 && abs(lep1->Eta())<1.4442 && lep1->Pt()>30.0 && eoverpin < 4.0 && (isdata==0 || ele27wp80==1))||(leptype==1 && abs(lep1->Eta())<2.1    && lep1->Pt()>25.0 && (isdata==0 || isomu24==1))))&&(mini_njets >= 4))&&(mini_nbupBC >= 1))&&(mini_passisotrk==1))&&(mini_passtauveto == 1))&&(mini_met > 100))&&( mini_mt > 120))&&(x > 0.7))&&(mini_met > 200.0))&&(mini_dphimjmin>0.8))&&(mini_pt_b_bup > 100.0))&&(mini_mt2wbup>200.0)

Selection btag down : (((((((((((((rhovor>0 && rhovor<40)&&(ngoodlep > 0 && abs( pflep1.Pt() - lep1.Pt() ) < 10.0 && abs(isopf1 * lep1.Pt() ) < 5.0))&&((leptype==0 && abs(lep1->Eta())<1.4442 && lep1->Pt()>30.0 && eoverpin < 4.0 && (isdata==0 || ele27wp80==1))||(leptype==1 && abs(lep1->Eta())<2.1    && lep1->Pt()>25.0 && (isdata==0 || isomu24==1))))&&(mini_njets >= 4))&&(mini_nbdownBC >= 1))&&(mini_passisotrk==1))&&(mini_passtauveto == 1))&&(mini_met > 100))&&( mini_mt > 120))&&(x > 0.7))&&(mini_met > 200.0))&&(mini_dphimjmin>0.8))&&(mini_pt_b_bdown > 100.0))&&(mini_mt2wbdown>200.0)

Signal region       : T2BW_HM250

Selection           : (((((((((((((rhovor>0 && rhovor<40)&&(ngoodlep > 0 && abs( pflep1.Pt() - lep1.Pt() ) < 10.0 && abs(isopf1 * lep1.Pt() ) < 5.0))&&((leptype==0 && abs(lep1->Eta())<1.4442 && lep1->Pt()>30.0 && eoverpin < 4.0 && (isdata==0 || ele27wp80==1))||(leptype==1 && abs(lep1->Eta())<2.1    && lep1->Pt()>25.0 && (isdata==0 || isomu24==1))))&&(mini_njets >= 4))&&(mini_nb >= 1))&&(mini_passisotrk==1))&&(mini_passtauveto == 1))&&(mini_met > 100))&&( mini_mt > 120))&&(x > 0.7))&&(mini_met > 250.0))&&(mini_dphimjmin>0.8))&&(mini_pt_b > 100.0))&&(mini_mt2w>200.0)

Selection JES up    : (((((((((((((rhovor>0 && rhovor<40)&&(ngoodlep > 0 && abs( pflep1.Pt() - lep1.Pt() ) < 10.0 && abs(isopf1 * lep1.Pt() ) < 5.0))&&((leptype==0 && abs(lep1->Eta())<1.4442 && lep1->Pt()>30.0 && eoverpin < 4.0 && (isdata==0 || ele27wp80==1))||(leptype==1 && abs(lep1->Eta())<2.1    && lep1->Pt()>25.0 && (isdata==0 || isomu24==1))))&&(mini_njetsup >= 4))&&(mini_nb >= 1))&&(mini_passisotrk==1))&&(mini_passtauveto == 1))&&(mini_metup > 100))&&(mini_mtup > 120))&&(x > 0.7))&&(mini_metup > 250.0))&&(mini_dphimjmin>0.8))&&(mini_pt_b_up > 100.0))&&(mini_mt2wup>200.0)

Selection JES down  : (((((((((((((rhovor>0 && rhovor<40)&&(ngoodlep > 0 && abs( pflep1.Pt() - lep1.Pt() ) < 10.0 && abs(isopf1 * lep1.Pt() ) < 5.0))&&((leptype==0 && abs(lep1->Eta())<1.4442 && lep1->Pt()>30.0 && eoverpin < 4.0 && (isdata==0 || ele27wp80==1))||(leptype==1 && abs(lep1->Eta())<2.1    && lep1->Pt()>25.0 && (isdata==0 || isomu24==1))))&&(mini_njetsdown >= 4))&&(mini_nb >= 1))&&(mini_passisotrk==1))&&(mini_passtauveto == 1))&&(mini_metdown > 100))&&(mini_mtdown > 120))&&(x > 0.7))&&(mini_metdown > 250.0))&&(mini_dphimjmin>0.8))&&(mini_pt_b_down > 100.0))&&(mini_mt2wdown>200.0)

Selection btag up   : (((((((((((((rhovor>0 && rhovor<40)&&(ngoodlep > 0 && abs( pflep1.Pt() - lep1.Pt() ) < 10.0 && abs(isopf1 * lep1.Pt() ) < 5.0))&&((leptype==0 && abs(lep1->Eta())<1.4442 && lep1->Pt()>30.0 && eoverpin < 4.0 && (isdata==0 || ele27wp80==1))||(leptype==1 && abs(lep1->Eta())<2.1    && lep1->Pt()>25.0 && (isdata==0 || isomu24==1))))&&(mini_njets >= 4))&&(mini_nbupBC >= 1))&&(mini_passisotrk==1))&&(mini_passtauveto == 1))&&(mini_met > 100))&&( mini_mt > 120))&&(x > 0.7))&&(mini_met > 250.0))&&(mini_dphimjmin>0.8))&&(mini_pt_b_bup > 100.0))&&(mini_mt2wbup>200.0)

Selection btag down : (((((((((((((rhovor>0 && rhovor<40)&&(ngoodlep > 0 && abs( pflep1.Pt() - lep1.Pt() ) < 10.0 && abs(isopf1 * lep1.Pt() ) < 5.0))&&((leptype==0 && abs(lep1->Eta())<1.4442 && lep1->Pt()>30.0 && eoverpin < 4.0 && (isdata==0 || ele27wp80==1))||(leptype==1 && abs(lep1->Eta())<2.1    && lep1->Pt()>25.0 && (isdata==0 || isomu24==1))))&&(mini_njets >= 4))&&(mini_nbdownBC >= 1))&&(mini_passisotrk==1))&&(mini_passtauveto == 1))&&(mini_met > 100))&&( mini_mt > 120))&&(x > 0.7))&&(mini_met > 250.0))&&(mini_dphimjmin>0.8))&&(mini_pt_b_bdown > 100.0))&&(mini_mt2wbdown>200.0)

efficiency (500,50)  4.82166
nevents              774
xsec UL              0.336834
xsec UL exp          0.359276
JES                  0.0175897
tot err              0.0898707
btag err             0.00823101
ISR err              0.0486169
stat err             0.0359443


efficiency (500,50)  4.07236
nevents              660
xsec UL              0.121394
xsec UL exp          0.150357
JES                  0.0249242
tot err              0.0930752
btag err             0.00828028
ISR err              0.0513538
stat err             0.0389249


efficiency (500,50)  3.19217
nevents              523
xsec UL              0.0567093
xsec UL exp          0.0764692
JES                  0.0256763
tot err              0.0959289
btag err             0.00393459
ISR err              0.0564943
stat err             0.0437269


efficiency (500,50)  2.0409
nevents              355
xsec UL              0.0434701
xsec UL exp          0.0605566
JES                  0.0542042
tot err              0.114829
btag err             0.00583276
ISR err              0.0698405
stat err             0.0530745


efficiency (500,50)  1.4887
nevents              246
xsec UL              0.127456
xsec UL exp          0.0998978
JES                  0.050478
tot err              0.104507
btag err             0.0246392
ISR err              0.0493003
stat err             0.0637577


efficiency (500,50)  1.38749
nevents              228
xsec UL              0.0717029
xsec UL exp          0.0680069
JES                  0.0533495
tot err              0.106984
btag err             0.0264364
ISR err              0.0506403
stat err             0.0662266


efficiency (500,50)  1.13852
nevents              186
xsec UL              0.0513486
xsec UL exp          0.0540512
JES                  0.057433
tot err              0.109201
btag err             0.0211876
ISR err              0.0533056
stat err             0.0733236


efficiency (500,50)  0.790124
nevents              139
xsec UL              0.0324519
xsec UL exp          0.0499759
JES                  0.0858857
tot err              0.132984
btag err             0.0226873
ISR err              0.0667661
stat err             0.0848189


