----------------------------------------------------
Sample            T2bw_MG
logfile           T2bw_MG_x75.log
x                 75
pol               
Using file        /tas/cms2/stop/cms2V05-03-26_stoplooperV00-02-25/T2bw_mad/minibaby_V00-03-08/Skim_4jets_MET100_MT120/merged*x075*root
Using denominator /tas/cms2/stop/cms2V05-03-26_stoplooperV00-02-25/T2bw_mad/minibaby_V00-03-08/Skim_4jets_MET100_MT120/myMassDB_mStop_x75_25GeVbins.root
Denom histo       masses75
Using lumi        19500 pb-1
----------------------------------------------------
Using pre-selection   (((((((((rhovor>0 && rhovor<40)&&(ngoodlep > 0 && abs( pflep1.Pt() - lep1.Pt() ) < 10.0 && abs(isopf1 * lep1.Pt() ) < 5.0))&&((leptype==0 && abs(lep1->Eta())<1.4442 && lep1->Pt()>30.0 && eoverpin < 4.0 && (isdata==0 || ele27wp80==1))||(leptype==1 && abs(lep1->Eta())<2.1    && lep1->Pt()>25.0 && (isdata==0 || isomu24==1))))&&(mini_njets >= 4))&&(mini_nb >= 1))&&(mini_passisotrk==1))&&(mini_passtauveto == 1))&&(mini_met > 100))&&( mini_mt > 120))&&(x > 0.7)
Using weight          mini_sltrigeff * 1
Using ISR weight      mini_isrweight
Signal region       : T2BW_LM100

Selection           : (((((((((((rhovor>0 && rhovor<40)&&(ngoodlep > 0 && abs( pflep1.Pt() - lep1.Pt() ) < 10.0 && abs(isopf1 * lep1.Pt() ) < 5.0))&&((leptype==0 && abs(lep1->Eta())<1.4442 && lep1->Pt()>30.0 && eoverpin < 4.0 && (isdata==0 || ele27wp80==1))||(leptype==1 && abs(lep1->Eta())<2.1    && lep1->Pt()>25.0 && (isdata==0 || isomu24==1))))&&(mini_njets >= 4))&&(mini_nb >= 1))&&(mini_passisotrk==1))&&(mini_passtauveto == 1))&&(mini_met > 100))&&( mini_mt > 120))&&(x > 0.7))&&(mini_met > 100))&&(mini_dphimjmin>0.8)

Selection JES up    : (((((((((((rhovor>0 && rhovor<40)&&(ngoodlep > 0 && abs( pflep1.Pt() - lep1.Pt() ) < 10.0 && abs(isopf1 * lep1.Pt() ) < 5.0))&&((leptype==0 && abs(lep1->Eta())<1.4442 && lep1->Pt()>30.0 && eoverpin < 4.0 && (isdata==0 || ele27wp80==1))||(leptype==1 && abs(lep1->Eta())<2.1    && lep1->Pt()>25.0 && (isdata==0 || isomu24==1))))&&(mini_njetsup >= 4))&&(mini_nb >= 1))&&(mini_passisotrk==1))&&(mini_passtauveto == 1))&&(mini_metup > 100))&&(mini_mtup > 120))&&(x > 0.7))&&(mini_metup > 100))&&(mini_dphimjmin>0.8)

Selection JES down  : (((((((((((rhovor>0 && rhovor<40)&&(ngoodlep > 0 && abs( pflep1.Pt() - lep1.Pt() ) < 10.0 && abs(isopf1 * lep1.Pt() ) < 5.0))&&((leptype==0 && abs(lep1->Eta())<1.4442 && lep1->Pt()>30.0 && eoverpin < 4.0 && (isdata==0 || ele27wp80==1))||(leptype==1 && abs(lep1->Eta())<2.1    && lep1->Pt()>25.0 && (isdata==0 || isomu24==1))))&&(mini_njetsdown >= 4))&&(mini_nb >= 1))&&(mini_passisotrk==1))&&(mini_passtauveto == 1))&&(mini_metdown > 100))&&(mini_mtdown > 120))&&(x > 0.7))&&(mini_metdown > 100))&&(mini_dphimjmin>0.8)

Selection btag up   : (((((((((((rhovor>0 && rhovor<40)&&(ngoodlep > 0 && abs( pflep1.Pt() - lep1.Pt() ) < 10.0 && abs(isopf1 * lep1.Pt() ) < 5.0))&&((leptype==0 && abs(lep1->Eta())<1.4442 && lep1->Pt()>30.0 && eoverpin < 4.0 && (isdata==0 || ele27wp80==1))||(leptype==1 && abs(lep1->Eta())<2.1    && lep1->Pt()>25.0 && (isdata==0 || isomu24==1))))&&(mini_njets >= 4))&&(mini_nbupBC >= 1))&&(mini_passisotrk==1))&&(mini_passtauveto == 1))&&(mini_met > 100))&&( mini_mt > 120))&&(x > 0.7))&&(mini_met > 100))&&(mini_dphimjmin>0.8)

Selection btag down : (((((((((((rhovor>0 && rhovor<40)&&(ngoodlep > 0 && abs( pflep1.Pt() - lep1.Pt() ) < 10.0 && abs(isopf1 * lep1.Pt() ) < 5.0))&&((leptype==0 && abs(lep1->Eta())<1.4442 && lep1->Pt()>30.0 && eoverpin < 4.0 && (isdata==0 || ele27wp80==1))||(leptype==1 && abs(lep1->Eta())<2.1    && lep1->Pt()>25.0 && (isdata==0 || isomu24==1))))&&(mini_njets >= 4))&&(mini_nbdownBC >= 1))&&(mini_passisotrk==1))&&(mini_passtauveto == 1))&&(mini_met > 100))&&( mini_mt > 120))&&(x > 0.7))&&(mini_met > 100))&&(mini_dphimjmin>0.8)

Signal region       : T2BW_LM150

Selection           : (((((((((((rhovor>0 && rhovor<40)&&(ngoodlep > 0 && abs( pflep1.Pt() - lep1.Pt() ) < 10.0 && abs(isopf1 * lep1.Pt() ) < 5.0))&&((leptype==0 && abs(lep1->Eta())<1.4442 && lep1->Pt()>30.0 && eoverpin < 4.0 && (isdata==0 || ele27wp80==1))||(leptype==1 && abs(lep1->Eta())<2.1    && lep1->Pt()>25.0 && (isdata==0 || isomu24==1))))&&(mini_njets >= 4))&&(mini_nb >= 1))&&(mini_passisotrk==1))&&(mini_passtauveto == 1))&&(mini_met > 100))&&( mini_mt > 120))&&(x > 0.7))&&(mini_met > 150.0))&&(mini_dphimjmin>0.8)

Selection JES up    : (((((((((((rhovor>0 && rhovor<40)&&(ngoodlep > 0 && abs( pflep1.Pt() - lep1.Pt() ) < 10.0 && abs(isopf1 * lep1.Pt() ) < 5.0))&&((leptype==0 && abs(lep1->Eta())<1.4442 && lep1->Pt()>30.0 && eoverpin < 4.0 && (isdata==0 || ele27wp80==1))||(leptype==1 && abs(lep1->Eta())<2.1    && lep1->Pt()>25.0 && (isdata==0 || isomu24==1))))&&(mini_njetsup >= 4))&&(mini_nb >= 1))&&(mini_passisotrk==1))&&(mini_passtauveto == 1))&&(mini_metup > 100))&&(mini_mtup > 120))&&(x > 0.7))&&(mini_metup > 150.0))&&(mini_dphimjmin>0.8)

Selection JES down  : (((((((((((rhovor>0 && rhovor<40)&&(ngoodlep > 0 && abs( pflep1.Pt() - lep1.Pt() ) < 10.0 && abs(isopf1 * lep1.Pt() ) < 5.0))&&((leptype==0 && abs(lep1->Eta())<1.4442 && lep1->Pt()>30.0 && eoverpin < 4.0 && (isdata==0 || ele27wp80==1))||(leptype==1 && abs(lep1->Eta())<2.1    && lep1->Pt()>25.0 && (isdata==0 || isomu24==1))))&&(mini_njetsdown >= 4))&&(mini_nb >= 1))&&(mini_passisotrk==1))&&(mini_passtauveto == 1))&&(mini_metdown > 100))&&(mini_mtdown > 120))&&(x > 0.7))&&(mini_metdown > 150.0))&&(mini_dphimjmin>0.8)

Selection btag up   : (((((((((((rhovor>0 && rhovor<40)&&(ngoodlep > 0 && abs( pflep1.Pt() - lep1.Pt() ) < 10.0 && abs(isopf1 * lep1.Pt() ) < 5.0))&&((leptype==0 && abs(lep1->Eta())<1.4442 && lep1->Pt()>30.0 && eoverpin < 4.0 && (isdata==0 || ele27wp80==1))||(leptype==1 && abs(lep1->Eta())<2.1    && lep1->Pt()>25.0 && (isdata==0 || isomu24==1))))&&(mini_njets >= 4))&&(mini_nbupBC >= 1))&&(mini_passisotrk==1))&&(mini_passtauveto == 1))&&(mini_met > 100))&&( mini_mt > 120))&&(x > 0.7))&&(mini_met > 150.0))&&(mini_dphimjmin>0.8)

Selection btag down : (((((((((((rhovor>0 && rhovor<40)&&(ngoodlep > 0 && abs( pflep1.Pt() - lep1.Pt() ) < 10.0 && abs(isopf1 * lep1.Pt() ) < 5.0))&&((leptype==0 && abs(lep1->Eta())<1.4442 && lep1->Pt()>30.0 && eoverpin < 4.0 && (isdata==0 || ele27wp80==1))||(leptype==1 && abs(lep1->Eta())<2.1    && lep1->Pt()>25.0 && (isdata==0 || isomu24==1))))&&(mini_njets >= 4))&&(mini_nbdownBC >= 1))&&(mini_passisotrk==1))&&(mini_passtauveto == 1))&&(mini_met > 100))&&( mini_mt > 120))&&(x > 0.7))&&(mini_met > 150.0))&&(mini_dphimjmin>0.8)

Signal region       : T2BW_LM200

Selection           : (((((((((((rhovor>0 && rhovor<40)&&(ngoodlep > 0 && abs( pflep1.Pt() - lep1.Pt() ) < 10.0 && abs(isopf1 * lep1.Pt() ) < 5.0))&&((leptype==0 && abs(lep1->Eta())<1.4442 && lep1->Pt()>30.0 && eoverpin < 4.0 && (isdata==0 || ele27wp80==1))||(leptype==1 && abs(lep1->Eta())<2.1    && lep1->Pt()>25.0 && (isdata==0 || isomu24==1))))&&(mini_njets >= 4))&&(mini_nb >= 1))&&(mini_passisotrk==1))&&(mini_passtauveto == 1))&&(mini_met > 100))&&( mini_mt > 120))&&(x > 0.7))&&(mini_met > 200.0))&&(mini_dphimjmin>0.8)

Selection JES up    : (((((((((((rhovor>0 && rhovor<40)&&(ngoodlep > 0 && abs( pflep1.Pt() - lep1.Pt() ) < 10.0 && abs(isopf1 * lep1.Pt() ) < 5.0))&&((leptype==0 && abs(lep1->Eta())<1.4442 && lep1->Pt()>30.0 && eoverpin < 4.0 && (isdata==0 || ele27wp80==1))||(leptype==1 && abs(lep1->Eta())<2.1    && lep1->Pt()>25.0 && (isdata==0 || isomu24==1))))&&(mini_njetsup >= 4))&&(mini_nb >= 1))&&(mini_passisotrk==1))&&(mini_passtauveto == 1))&&(mini_metup > 100))&&(mini_mtup > 120))&&(x > 0.7))&&(mini_metup > 200.0))&&(mini_dphimjmin>0.8)

Selection JES down  : (((((((((((rhovor>0 && rhovor<40)&&(ngoodlep > 0 && abs( pflep1.Pt() - lep1.Pt() ) < 10.0 && abs(isopf1 * lep1.Pt() ) < 5.0))&&((leptype==0 && abs(lep1->Eta())<1.4442 && lep1->Pt()>30.0 && eoverpin < 4.0 && (isdata==0 || ele27wp80==1))||(leptype==1 && abs(lep1->Eta())<2.1    && lep1->Pt()>25.0 && (isdata==0 || isomu24==1))))&&(mini_njetsdown >= 4))&&(mini_nb >= 1))&&(mini_passisotrk==1))&&(mini_passtauveto == 1))&&(mini_metdown > 100))&&(mini_mtdown > 120))&&(x > 0.7))&&(mini_metdown > 200.0))&&(mini_dphimjmin>0.8)

Selection btag up   : (((((((((((rhovor>0 && rhovor<40)&&(ngoodlep > 0 && abs( pflep1.Pt() - lep1.Pt() ) < 10.0 && abs(isopf1 * lep1.Pt() ) < 5.0))&&((leptype==0 && abs(lep1->Eta())<1.4442 && lep1->Pt()>30.0 && eoverpin < 4.0 && (isdata==0 || ele27wp80==1))||(leptype==1 && abs(lep1->Eta())<2.1    && lep1->Pt()>25.0 && (isdata==0 || isomu24==1))))&&(mini_njets >= 4))&&(mini_nbupBC >= 1))&&(mini_passisotrk==1))&&(mini_passtauveto == 1))&&(mini_met > 100))&&( mini_mt > 120))&&(x > 0.7))&&(mini_met > 200.0))&&(mini_dphimjmin>0.8)

Selection btag down : (((((((((((rhovor>0 && rhovor<40)&&(ngoodlep > 0 && abs( pflep1.Pt() - lep1.Pt() ) < 10.0 && abs(isopf1 * lep1.Pt() ) < 5.0))&&((leptype==0 && abs(lep1->Eta())<1.4442 && lep1->Pt()>30.0 && eoverpin < 4.0 && (isdata==0 || ele27wp80==1))||(leptype==1 && abs(lep1->Eta())<2.1    && lep1->Pt()>25.0 && (isdata==0 || isomu24==1))))&&(mini_njets >= 4))&&(mini_nbdownBC >= 1))&&(mini_passisotrk==1))&&(mini_passtauveto == 1))&&(mini_met > 100))&&( mini_mt > 120))&&(x > 0.7))&&(mini_met > 200.0))&&(mini_dphimjmin>0.8)

Signal region       : T2BW_LM250

Selection           : (((((((((((rhovor>0 && rhovor<40)&&(ngoodlep > 0 && abs( pflep1.Pt() - lep1.Pt() ) < 10.0 && abs(isopf1 * lep1.Pt() ) < 5.0))&&((leptype==0 && abs(lep1->Eta())<1.4442 && lep1->Pt()>30.0 && eoverpin < 4.0 && (isdata==0 || ele27wp80==1))||(leptype==1 && abs(lep1->Eta())<2.1    && lep1->Pt()>25.0 && (isdata==0 || isomu24==1))))&&(mini_njets >= 4))&&(mini_nb >= 1))&&(mini_passisotrk==1))&&(mini_passtauveto == 1))&&(mini_met > 100))&&( mini_mt > 120))&&(x > 0.7))&&(mini_met > 250.0))&&(mini_dphimjmin>0.8)

Selection JES up    : (((((((((((rhovor>0 && rhovor<40)&&(ngoodlep > 0 && abs( pflep1.Pt() - lep1.Pt() ) < 10.0 && abs(isopf1 * lep1.Pt() ) < 5.0))&&((leptype==0 && abs(lep1->Eta())<1.4442 && lep1->Pt()>30.0 && eoverpin < 4.0 && (isdata==0 || ele27wp80==1))||(leptype==1 && abs(lep1->Eta())<2.1    && lep1->Pt()>25.0 && (isdata==0 || isomu24==1))))&&(mini_njetsup >= 4))&&(mini_nb >= 1))&&(mini_passisotrk==1))&&(mini_passtauveto == 1))&&(mini_metup > 100))&&(mini_mtup > 120))&&(x > 0.7))&&(mini_metup > 250.0))&&(mini_dphimjmin>0.8)

Selection JES down  : (((((((((((rhovor>0 && rhovor<40)&&(ngoodlep > 0 && abs( pflep1.Pt() - lep1.Pt() ) < 10.0 && abs(isopf1 * lep1.Pt() ) < 5.0))&&((leptype==0 && abs(lep1->Eta())<1.4442 && lep1->Pt()>30.0 && eoverpin < 4.0 && (isdata==0 || ele27wp80==1))||(leptype==1 && abs(lep1->Eta())<2.1    && lep1->Pt()>25.0 && (isdata==0 || isomu24==1))))&&(mini_njetsdown >= 4))&&(mini_nb >= 1))&&(mini_passisotrk==1))&&(mini_passtauveto == 1))&&(mini_metdown > 100))&&(mini_mtdown > 120))&&(x > 0.7))&&(mini_metdown > 250.0))&&(mini_dphimjmin>0.8)

Selection btag up   : (((((((((((rhovor>0 && rhovor<40)&&(ngoodlep > 0 && abs( pflep1.Pt() - lep1.Pt() ) < 10.0 && abs(isopf1 * lep1.Pt() ) < 5.0))&&((leptype==0 && abs(lep1->Eta())<1.4442 && lep1->Pt()>30.0 && eoverpin < 4.0 && (isdata==0 || ele27wp80==1))||(leptype==1 && abs(lep1->Eta())<2.1    && lep1->Pt()>25.0 && (isdata==0 || isomu24==1))))&&(mini_njets >= 4))&&(mini_nbupBC >= 1))&&(mini_passisotrk==1))&&(mini_passtauveto == 1))&&(mini_met > 100))&&( mini_mt > 120))&&(x > 0.7))&&(mini_met > 250.0))&&(mini_dphimjmin>0.8)

Selection btag down : (((((((((((rhovor>0 && rhovor<40)&&(ngoodlep > 0 && abs( pflep1.Pt() - lep1.Pt() ) < 10.0 && abs(isopf1 * lep1.Pt() ) < 5.0))&&((leptype==0 && abs(lep1->Eta())<1.4442 && lep1->Pt()>30.0 && eoverpin < 4.0 && (isdata==0 || ele27wp80==1))||(leptype==1 && abs(lep1->Eta())<2.1    && lep1->Pt()>25.0 && (isdata==0 || isomu24==1))))&&(mini_njets >= 4))&&(mini_nbdownBC >= 1))&&(mini_passisotrk==1))&&(mini_passtauveto == 1))&&(mini_met > 100))&&( mini_mt > 120))&&(x > 0.7))&&(mini_met > 250.0))&&(mini_dphimjmin>0.8)

Signal region       : T2BW_HM100

Selection           : (((((((((((((rhovor>0 && rhovor<40)&&(ngoodlep > 0 && abs( pflep1.Pt() - lep1.Pt() ) < 10.0 && abs(isopf1 * lep1.Pt() ) < 5.0))&&((leptype==0 && abs(lep1->Eta())<1.4442 && lep1->Pt()>30.0 && eoverpin < 4.0 && (isdata==0 || ele27wp80==1))||(leptype==1 && abs(lep1->Eta())<2.1    && lep1->Pt()>25.0 && (isdata==0 || isomu24==1))))&&(mini_njets >= 4))&&(mini_nb >= 1))&&(mini_passisotrk==1))&&(mini_passtauveto == 1))&&(mini_met > 100))&&( mini_mt > 120))&&(x > 0.7))&&(mini_met > 100))&&(mini_dphimjmin>0.8))&&(mini_pt_b > 100.0))&&(mini_mt2w>200.0)

Selection JES up    : (((((((((((((rhovor>0 && rhovor<40)&&(ngoodlep > 0 && abs( pflep1.Pt() - lep1.Pt() ) < 10.0 && abs(isopf1 * lep1.Pt() ) < 5.0))&&((leptype==0 && abs(lep1->Eta())<1.4442 && lep1->Pt()>30.0 && eoverpin < 4.0 && (isdata==0 || ele27wp80==1))||(leptype==1 && abs(lep1->Eta())<2.1    && lep1->Pt()>25.0 && (isdata==0 || isomu24==1))))&&(mini_njetsup >= 4))&&(mini_nb >= 1))&&(mini_passisotrk==1))&&(mini_passtauveto == 1))&&(mini_metup > 100))&&(mini_mtup > 120))&&(x > 0.7))&&(mini_metup > 100))&&(mini_dphimjmin>0.8))&&(mini_pt_b_up > 100.0))&&(mini_mt2wup>200.0)

Selection JES down  : (((((((((((((rhovor>0 && rhovor<40)&&(ngoodlep > 0 && abs( pflep1.Pt() - lep1.Pt() ) < 10.0 && abs(isopf1 * lep1.Pt() ) < 5.0))&&((leptype==0 && abs(lep1->Eta())<1.4442 && lep1->Pt()>30.0 && eoverpin < 4.0 && (isdata==0 || ele27wp80==1))||(leptype==1 && abs(lep1->Eta())<2.1    && lep1->Pt()>25.0 && (isdata==0 || isomu24==1))))&&(mini_njetsdown >= 4))&&(mini_nb >= 1))&&(mini_passisotrk==1))&&(mini_passtauveto == 1))&&(mini_metdown > 100))&&(mini_mtdown > 120))&&(x > 0.7))&&(mini_metdown > 100))&&(mini_dphimjmin>0.8))&&(mini_pt_b_down > 100.0))&&(mini_mt2wdown>200.0)

Selection btag up   : (((((((((((((rhovor>0 && rhovor<40)&&(ngoodlep > 0 && abs( pflep1.Pt() - lep1.Pt() ) < 10.0 && abs(isopf1 * lep1.Pt() ) < 5.0))&&((leptype==0 && abs(lep1->Eta())<1.4442 && lep1->Pt()>30.0 && eoverpin < 4.0 && (isdata==0 || ele27wp80==1))||(leptype==1 && abs(lep1->Eta())<2.1    && lep1->Pt()>25.0 && (isdata==0 || isomu24==1))))&&(mini_njets >= 4))&&(mini_nbupBC >= 1))&&(mini_passisotrk==1))&&(mini_passtauveto == 1))&&(mini_met > 100))&&( mini_mt > 120))&&(x > 0.7))&&(mini_met > 100))&&(mini_dphimjmin>0.8))&&(mini_pt_b_bup > 100.0))&&(mini_mt2wbup>200.0)

Selection btag down : (((((((((((((rhovor>0 && rhovor<40)&&(ngoodlep > 0 && abs( pflep1.Pt() - lep1.Pt() ) < 10.0 && abs(isopf1 * lep1.Pt() ) < 5.0))&&((leptype==0 && abs(lep1->Eta())<1.4442 && lep1->Pt()>30.0 && eoverpin < 4.0 && (isdata==0 || ele27wp80==1))||(leptype==1 && abs(lep1->Eta())<2.1    && lep1->Pt()>25.0 && (isdata==0 || isomu24==1))))&&(mini_njets >= 4))&&(mini_nbdownBC >= 1))&&(mini_passisotrk==1))&&(mini_passtauveto == 1))&&(mini_met > 100))&&( mini_mt > 120))&&(x > 0.7))&&(mini_met > 100))&&(mini_dphimjmin>0.8))&&(mini_pt_b_bdown > 100.0))&&(mini_mt2wbdown>200.0)

Signal region       : T2BW_HM150

Selection           : (((((((((((((rhovor>0 && rhovor<40)&&(ngoodlep > 0 && abs( pflep1.Pt() - lep1.Pt() ) < 10.0 && abs(isopf1 * lep1.Pt() ) < 5.0))&&((leptype==0 && abs(lep1->Eta())<1.4442 && lep1->Pt()>30.0 && eoverpin < 4.0 && (isdata==0 || ele27wp80==1))||(leptype==1 && abs(lep1->Eta())<2.1    && lep1->Pt()>25.0 && (isdata==0 || isomu24==1))))&&(mini_njets >= 4))&&(mini_nb >= 1))&&(mini_passisotrk==1))&&(mini_passtauveto == 1))&&(mini_met > 100))&&( mini_mt > 120))&&(x > 0.7))&&(mini_met > 150.0))&&(mini_dphimjmin>0.8))&&(mini_pt_b > 100.0))&&(mini_mt2w>200.0)

Selection JES up    : (((((((((((((rhovor>0 && rhovor<40)&&(ngoodlep > 0 && abs( pflep1.Pt() - lep1.Pt() ) < 10.0 && abs(isopf1 * lep1.Pt() ) < 5.0))&&((leptype==0 && abs(lep1->Eta())<1.4442 && lep1->Pt()>30.0 && eoverpin < 4.0 && (isdata==0 || ele27wp80==1))||(leptype==1 && abs(lep1->Eta())<2.1    && lep1->Pt()>25.0 && (isdata==0 || isomu24==1))))&&(mini_njetsup >= 4))&&(mini_nb >= 1))&&(mini_passisotrk==1))&&(mini_passtauveto == 1))&&(mini_metup > 100))&&(mini_mtup > 120))&&(x > 0.7))&&(mini_metup > 150.0))&&(mini_dphimjmin>0.8))&&(mini_pt_b_up > 100.0))&&(mini_mt2wup>200.0)

Selection JES down  : (((((((((((((rhovor>0 && rhovor<40)&&(ngoodlep > 0 && abs( pflep1.Pt() - lep1.Pt() ) < 10.0 && abs(isopf1 * lep1.Pt() ) < 5.0))&&((leptype==0 && abs(lep1->Eta())<1.4442 && lep1->Pt()>30.0 && eoverpin < 4.0 && (isdata==0 || ele27wp80==1))||(leptype==1 && abs(lep1->Eta())<2.1    && lep1->Pt()>25.0 && (isdata==0 || isomu24==1))))&&(mini_njetsdown >= 4))&&(mini_nb >= 1))&&(mini_passisotrk==1))&&(mini_passtauveto == 1))&&(mini_metdown > 100))&&(mini_mtdown > 120))&&(x > 0.7))&&(mini_metdown > 150.0))&&(mini_dphimjmin>0.8))&&(mini_pt_b_down > 100.0))&&(mini_mt2wdown>200.0)

Selection btag up   : (((((((((((((rhovor>0 && rhovor<40)&&(ngoodlep > 0 && abs( pflep1.Pt() - lep1.Pt() ) < 10.0 && abs(isopf1 * lep1.Pt() ) < 5.0))&&((leptype==0 && abs(lep1->Eta())<1.4442 && lep1->Pt()>30.0 && eoverpin < 4.0 && (isdata==0 || ele27wp80==1))||(leptype==1 && abs(lep1->Eta())<2.1    && lep1->Pt()>25.0 && (isdata==0 || isomu24==1))))&&(mini_njets >= 4))&&(mini_nbupBC >= 1))&&(mini_passisotrk==1))&&(mini_passtauveto == 1))&&(mini_met > 100))&&( mini_mt > 120))&&(x > 0.7))&&(mini_met > 150.0))&&(mini_dphimjmin>0.8))&&(mini_pt_b_bup > 100.0))&&(mini_mt2wbup>200.0)

Selection btag down : (((((((((((((rhovor>0 && rhovor<40)&&(ngoodlep > 0 && abs( pflep1.Pt() - lep1.Pt() ) < 10.0 && abs(isopf1 * lep1.Pt() ) < 5.0))&&((leptype==0 && abs(lep1->Eta())<1.4442 && lep1->Pt()>30.0 && eoverpin < 4.0 && (isdata==0 || ele27wp80==1))||(leptype==1 && abs(lep1->Eta())<2.1    && lep1->Pt()>25.0 && (isdata==0 || isomu24==1))))&&(mini_njets >= 4))&&(mini_nbdownBC >= 1))&&(mini_passisotrk==1))&&(mini_passtauveto == 1))&&(mini_met > 100))&&( mini_mt > 120))&&(x > 0.7))&&(mini_met > 150.0))&&(mini_dphimjmin>0.8))&&(mini_pt_b_bdown > 100.0))&&(mini_mt2wbdown>200.0)

Signal region       : T2BW_HM200

Selection           : (((((((((((((rhovor>0 && rhovor<40)&&(ngoodlep > 0 && abs( pflep1.Pt() - lep1.Pt() ) < 10.0 && abs(isopf1 * lep1.Pt() ) < 5.0))&&((leptype==0 && abs(lep1->Eta())<1.4442 && lep1->Pt()>30.0 && eoverpin < 4.0 && (isdata==0 || ele27wp80==1))||(leptype==1 && abs(lep1->Eta())<2.1    && lep1->Pt()>25.0 && (isdata==0 || isomu24==1))))&&(mini_njets >= 4))&&(mini_nb >= 1))&&(mini_passisotrk==1))&&(mini_passtauveto == 1))&&(mini_met > 100))&&( mini_mt > 120))&&(x > 0.7))&&(mini_met > 200.0))&&(mini_dphimjmin>0.8))&&(mini_pt_b > 100.0))&&(mini_mt2w>200.0)

Selection JES up    : (((((((((((((rhovor>0 && rhovor<40)&&(ngoodlep > 0 && abs( pflep1.Pt() - lep1.Pt() ) < 10.0 && abs(isopf1 * lep1.Pt() ) < 5.0))&&((leptype==0 && abs(lep1->Eta())<1.4442 && lep1->Pt()>30.0 && eoverpin < 4.0 && (isdata==0 || ele27wp80==1))||(leptype==1 && abs(lep1->Eta())<2.1    && lep1->Pt()>25.0 && (isdata==0 || isomu24==1))))&&(mini_njetsup >= 4))&&(mini_nb >= 1))&&(mini_passisotrk==1))&&(mini_passtauveto == 1))&&(mini_metup > 100))&&(mini_mtup > 120))&&(x > 0.7))&&(mini_metup > 200.0))&&(mini_dphimjmin>0.8))&&(mini_pt_b_up > 100.0))&&(mini_mt2wup>200.0)

Selection JES down  : (((((((((((((rhovor>0 && rhovor<40)&&(ngoodlep > 0 && abs( pflep1.Pt() - lep1.Pt() ) < 10.0 && abs(isopf1 * lep1.Pt() ) < 5.0))&&((leptype==0 && abs(lep1->Eta())<1.4442 && lep1->Pt()>30.0 && eoverpin < 4.0 && (isdata==0 || ele27wp80==1))||(leptype==1 && abs(lep1->Eta())<2.1    && lep1->Pt()>25.0 && (isdata==0 || isomu24==1))))&&(mini_njetsdown >= 4))&&(mini_nb >= 1))&&(mini_passisotrk==1))&&(mini_passtauveto == 1))&&(mini_metdown > 100))&&(mini_mtdown > 120))&&(x > 0.7))&&(mini_metdown > 200.0))&&(mini_dphimjmin>0.8))&&(mini_pt_b_down > 100.0))&&(mini_mt2wdown>200.0)

Selection btag up   : (((((((((((((rhovor>0 && rhovor<40)&&(ngoodlep > 0 && abs( pflep1.Pt() - lep1.Pt() ) < 10.0 && abs(isopf1 * lep1.Pt() ) < 5.0))&&((leptype==0 && abs(lep1->Eta())<1.4442 && lep1->Pt()>30.0 && eoverpin < 4.0 && (isdata==0 || ele27wp80==1))||(leptype==1 && abs(lep1->Eta())<2.1    && lep1->Pt()>25.0 && (isdata==0 || isomu24==1))))&&(mini_njets >= 4))&&(mini_nbupBC >= 1))&&(mini_passisotrk==1))&&(mini_passtauveto == 1))&&(mini_met > 100))&&( mini_mt > 120))&&(x > 0.7))&&(mini_met > 200.0))&&(mini_dphimjmin>0.8))&&(mini_pt_b_bup > 100.0))&&(mini_mt2wbup>200.0)

Selection btag down : (((((((((((((rhovor>0 && rhovor<40)&&(ngoodlep > 0 && abs( pflep1.Pt() - lep1.Pt() ) < 10.0 && abs(isopf1 * lep1.Pt() ) < 5.0))&&((leptype==0 && abs(lep1->Eta())<1.4442 && lep1->Pt()>30.0 && eoverpin < 4.0 && (isdata==0 || ele27wp80==1))||(leptype==1 && abs(lep1->Eta())<2.1    && lep1->Pt()>25.0 && (isdata==0 || isomu24==1))))&&(mini_njets >= 4))&&(mini_nbdownBC >= 1))&&(mini_passisotrk==1))&&(mini_passtauveto == 1))&&(mini_met > 100))&&( mini_mt > 120))&&(x > 0.7))&&(mini_met > 200.0))&&(mini_dphimjmin>0.8))&&(mini_pt_b_bdown > 100.0))&&(mini_mt2wbdown>200.0)

Signal region       : T2BW_HM250

Selection           : (((((((((((((rhovor>0 && rhovor<40)&&(ngoodlep > 0 && abs( pflep1.Pt() - lep1.Pt() ) < 10.0 && abs(isopf1 * lep1.Pt() ) < 5.0))&&((leptype==0 && abs(lep1->Eta())<1.4442 && lep1->Pt()>30.0 && eoverpin < 4.0 && (isdata==0 || ele27wp80==1))||(leptype==1 && abs(lep1->Eta())<2.1    && lep1->Pt()>25.0 && (isdata==0 || isomu24==1))))&&(mini_njets >= 4))&&(mini_nb >= 1))&&(mini_passisotrk==1))&&(mini_passtauveto == 1))&&(mini_met > 100))&&( mini_mt > 120))&&(x > 0.7))&&(mini_met > 250.0))&&(mini_dphimjmin>0.8))&&(mini_pt_b > 100.0))&&(mini_mt2w>200.0)

Selection JES up    : (((((((((((((rhovor>0 && rhovor<40)&&(ngoodlep > 0 && abs( pflep1.Pt() - lep1.Pt() ) < 10.0 && abs(isopf1 * lep1.Pt() ) < 5.0))&&((leptype==0 && abs(lep1->Eta())<1.4442 && lep1->Pt()>30.0 && eoverpin < 4.0 && (isdata==0 || ele27wp80==1))||(leptype==1 && abs(lep1->Eta())<2.1    && lep1->Pt()>25.0 && (isdata==0 || isomu24==1))))&&(mini_njetsup >= 4))&&(mini_nb >= 1))&&(mini_passisotrk==1))&&(mini_passtauveto == 1))&&(mini_metup > 100))&&(mini_mtup > 120))&&(x > 0.7))&&(mini_metup > 250.0))&&(mini_dphimjmin>0.8))&&(mini_pt_b_up > 100.0))&&(mini_mt2wup>200.0)

Selection JES down  : (((((((((((((rhovor>0 && rhovor<40)&&(ngoodlep > 0 && abs( pflep1.Pt() - lep1.Pt() ) < 10.0 && abs(isopf1 * lep1.Pt() ) < 5.0))&&((leptype==0 && abs(lep1->Eta())<1.4442 && lep1->Pt()>30.0 && eoverpin < 4.0 && (isdata==0 || ele27wp80==1))||(leptype==1 && abs(lep1->Eta())<2.1    && lep1->Pt()>25.0 && (isdata==0 || isomu24==1))))&&(mini_njetsdown >= 4))&&(mini_nb >= 1))&&(mini_passisotrk==1))&&(mini_passtauveto == 1))&&(mini_metdown > 100))&&(mini_mtdown > 120))&&(x > 0.7))&&(mini_metdown > 250.0))&&(mini_dphimjmin>0.8))&&(mini_pt_b_down > 100.0))&&(mini_mt2wdown>200.0)

Selection btag up   : (((((((((((((rhovor>0 && rhovor<40)&&(ngoodlep > 0 && abs( pflep1.Pt() - lep1.Pt() ) < 10.0 && abs(isopf1 * lep1.Pt() ) < 5.0))&&((leptype==0 && abs(lep1->Eta())<1.4442 && lep1->Pt()>30.0 && eoverpin < 4.0 && (isdata==0 || ele27wp80==1))||(leptype==1 && abs(lep1->Eta())<2.1    && lep1->Pt()>25.0 && (isdata==0 || isomu24==1))))&&(mini_njets >= 4))&&(mini_nbupBC >= 1))&&(mini_passisotrk==1))&&(mini_passtauveto == 1))&&(mini_met > 100))&&( mini_mt > 120))&&(x > 0.7))&&(mini_met > 250.0))&&(mini_dphimjmin>0.8))&&(mini_pt_b_bup > 100.0))&&(mini_mt2wbup>200.0)

Selection btag down : (((((((((((((rhovor>0 && rhovor<40)&&(ngoodlep > 0 && abs( pflep1.Pt() - lep1.Pt() ) < 10.0 && abs(isopf1 * lep1.Pt() ) < 5.0))&&((leptype==0 && abs(lep1->Eta())<1.4442 && lep1->Pt()>30.0 && eoverpin < 4.0 && (isdata==0 || ele27wp80==1))||(leptype==1 && abs(lep1->Eta())<2.1    && lep1->Pt()>25.0 && (isdata==0 || isomu24==1))))&&(mini_njets >= 4))&&(mini_nbdownBC >= 1))&&(mini_passisotrk==1))&&(mini_passtauveto == 1))&&(mini_met > 100))&&( mini_mt > 120))&&(x > 0.7))&&(mini_met > 250.0))&&(mini_dphimjmin>0.8))&&(mini_pt_b_bdown > 100.0))&&(mini_mt2wbdown>200.0)

efficiency (500,50)  4.42723
nevents              774
xsec UL              0.366844
xsec UL exp          0.391284
JES                  0.0169443
tot err              0.0906628
btag err             0.00763175
ISR err              0.0503824
stat err             0.0359443


efficiency (500,50)  3.75897
nevents              660
xsec UL              0.131514
xsec UL exp          0.162892
JES                  0.0263031
tot err              0.094305
btag err             0.0081557
ISR err              0.0529063
stat err             0.0389249


efficiency (500,50)  2.96349
nevents              523
xsec UL              0.0610853
xsec UL exp          0.08237
JES                  0.0252056
tot err              0.0963262
btag err             0.00560048
ISR err              0.0572367
stat err             0.0437269


efficiency (500,50)  1.98594
nevents              355
xsec UL              0.0446731
xsec UL exp          0.0622325
JES                  0.0471777
tot err              0.110699
btag err             0.0067811
ISR err              0.0681655
stat err             0.0530745


efficiency (500,50)  1.40412
nevents              246
xsec UL              0.135134
xsec UL exp          0.105916
JES                  0.0405768
tot err              0.10114
btag err             0.0249724
ISR err              0.0512164
stat err             0.0637577


efficiency (500,50)  1.30251
nevents              228
xsec UL              0.0763813
xsec UL exp          0.0724441
JES                  0.0418997
tot err              0.102541
btag err             0.0269205
ISR err              0.0519465
stat err             0.0662266


efficiency (500,50)  1.0602
nevents              186
xsec UL              0.0551419
xsec UL exp          0.0580441
JES                  0.04534
tot err              0.103564
btag err             0.0223902
ISR err              0.0532207
stat err             0.0733236


efficiency (500,50)  0.784727
nevents              139
xsec UL              0.0326751
xsec UL exp          0.0503197
JES                  0.065044
tot err              0.11899
btag err             0.0262195
ISR err              0.0624854
stat err             0.0848189


