----------------------------------------------------
Sample            T2bw
logfile           T2bw_x25_BDT.log
x                 25
Using file        /tas/cms2/stop/cms2V05-03-25_stoplooperV00-02-18/T2bw/minibabyV00-03-03/Skim_4jets_MET100_MT120/T2bw_x25.root
Using denominator /tas/cms2/stop/cms2V05-03-25_stoplooperV00-02-18/T2bw/minibabyV00-03-03/myMassDB_T2bw_25GeVbins.root
Denom histo       masses25
Using lumi        19500 pb-1
----------------------------------------------------
Using pre-selection   (((((((((((rhovor>0 && rhovor<40)&&(isdata==0 || (csc==0 && hbhe==1 && hcallaser==1 && ecaltp==1 && trkfail==1 && eebadsc==1 && hbhenew==1)))&&(ngoodlep > 0 && abs( pflep1.Pt() - lep1.Pt() ) < 10.0 && abs(isopf1 * lep1.Pt() ) < 5.0))&&((leptype==0 && abs(lep1->Eta())<1.4442 && lep1->Pt()>30.0 && eoverpin < 4.0 && (isdata==0 || ele27wp80==1))||(leptype==1 && abs(lep1->Eta())<2.1    && lep1->Pt()>25.0 && (isdata==0 || isomu24==1))))&&(mini_njets >= 4))&&(mini_nb >= 1))&&(mini_passisotrk==1))&&(mini_passtauveto == 1))&&(t1metphicorr > 100))&&(t1metphicorrmt > 120))&&(event%2==0))&&(x < 0.3)
Using weight          mini_sltrigeff * 2

Signal Region : 0 T2BW25_BDT2
Selection     : ((((((((((((rhovor>0 && rhovor<40)&&(isdata==0 || (csc==0 && hbhe==1 && hcallaser==1 && ecaltp==1 && trkfail==1 && eebadsc==1 && hbhenew==1)))&&(ngoodlep > 0 && abs( pflep1.Pt() - lep1.Pt() ) < 10.0 && abs(isopf1 * lep1.Pt() ) < 5.0))&&((leptype==0 && abs(lep1->Eta())<1.4442 && lep1->Pt()>30.0 && eoverpin < 4.0 && (isdata==0 || ele27wp80==1))||(leptype==1 && abs(lep1->Eta())<2.1    && lep1->Pt()>25.0 && (isdata==0 || isomu24==1))))&&(mini_njets >= 4))&&(mini_nb >= 1))&&(mini_passisotrk==1))&&(mini_passtauveto == 1))&&(t1metphicorr > 100))&&(t1metphicorrmt > 120))&&(event%2==0))&&(x < 0.3))&&(mini_bdt[8]  > 0.30)
UL            : 8.73

Signal Region : 1 T2BW25_BDT3
Selection     : ((((((((((((rhovor>0 && rhovor<40)&&(isdata==0 || (csc==0 && hbhe==1 && hcallaser==1 && ecaltp==1 && trkfail==1 && eebadsc==1 && hbhenew==1)))&&(ngoodlep > 0 && abs( pflep1.Pt() - lep1.Pt() ) < 10.0 && abs(isopf1 * lep1.Pt() ) < 5.0))&&((leptype==0 && abs(lep1->Eta())<1.4442 && lep1->Pt()>30.0 && eoverpin < 4.0 && (isdata==0 || ele27wp80==1))||(leptype==1 && abs(lep1->Eta())<2.1    && lep1->Pt()>25.0 && (isdata==0 || isomu24==1))))&&(mini_njets >= 4))&&(mini_nb >= 1))&&(mini_passisotrk==1))&&(mini_passtauveto == 1))&&(t1metphicorr > 100))&&(t1metphicorrmt > 120))&&(event%2==0))&&(x < 0.3))&&(mini_bdt[9]  > 0.45)
UL            : 5.97
efficiency (500,50)  0.704137
xsec UL              0.0463798
xsec UL exp          0.0586543
JES                  0.1
tot err              0.1


efficiency (500,50)  0.353788
xsec UL              0.0578552
xsec UL exp          0.0781232
JES                  0.1
tot err              0.1


