----------------------------------------------------
Sample            T2bw_MG
logfile           T2bw_MG_x50T2BW_RS.log
x                 50
pol               T2BW_RS
Using file        /tas/cms2/stop/cms2V05-03-26_stoplooperV00-02-25/T2bw_mad/minibaby_V00-03-10/Skim_4jets_MET100_MT120/merged*x050*root
Using denominator /tas/cms2/stop/cms2V05-03-26_stoplooperV00-02-25/T2bw_mad/minibaby_V00-03-10/Skim_4jets_MET100_MT120/myMassDB_mStop_x50_25GeVbins.root
Denom histo       masses
Using lumi        19500 pb-1
----------------------------------------------------
Using pre-selection   (((((((((rhovor>0 && rhovor<40)&&(ngoodlep > 0 && abs( pflep1.Pt() - lep1.Pt() ) < 10.0 && abs(isopf1 * lep1.Pt() ) < 5.0))&&((leptype==0 && abs(lep1->Eta())<1.4442 && lep1->Pt()>30.0 && eoverpin < 4.0 && (isdata==0 || ele27wp80==1))||(leptype==1 && abs(lep1->Eta())<2.1    && lep1->Pt()>25.0 && (isdata==0 || isomu24==1))))&&(mini_njets >= 4))&&(mini_nb >= 1))&&(mini_passisotrk==1))&&(mini_passtauveto == 1))&&(mini_met > 100))&&( mini_mt > 120))&&(x > 0.3 && x < 0.7)
Using weight          mini_sltrigeff * mini_t2bwweight_rs * 1
Using ISR weight      mini_isrweight
Signal region       : T2BW_LM100

Selection           : (((((((((((rhovor>0 && rhovor<40)&&(ngoodlep > 0 && abs( pflep1.Pt() - lep1.Pt() ) < 10.0 && abs(isopf1 * lep1.Pt() ) < 5.0))&&((leptype==0 && abs(lep1->Eta())<1.4442 && lep1->Pt()>30.0 && eoverpin < 4.0 && (isdata==0 || ele27wp80==1))||(leptype==1 && abs(lep1->Eta())<2.1    && lep1->Pt()>25.0 && (isdata==0 || isomu24==1))))&&(mini_njets >= 4))&&(mini_nb >= 1))&&(mini_passisotrk==1))&&(mini_passtauveto == 1))&&(mini_met > 100))&&( mini_mt > 120))&&(x > 0.3 && x < 0.7))&&(mini_met > 100))&&(mini_dphimjmin>0.8)

Selection JES up    : (((((((((((rhovor>0 && rhovor<40)&&(ngoodlep > 0 && abs( pflep1.Pt() - lep1.Pt() ) < 10.0 && abs(isopf1 * lep1.Pt() ) < 5.0))&&((leptype==0 && abs(lep1->Eta())<1.4442 && lep1->Pt()>30.0 && eoverpin < 4.0 && (isdata==0 || ele27wp80==1))||(leptype==1 && abs(lep1->Eta())<2.1    && lep1->Pt()>25.0 && (isdata==0 || isomu24==1))))&&(mini_njetsup >= 4))&&(mini_nb >= 1))&&(mini_passisotrk==1))&&(mini_passtauveto == 1))&&(mini_metup > 100))&&(mini_mtup > 120))&&(x > 0.3 && x < 0.7))&&(mini_metup > 100))&&(mini_dphimjmin>0.8)

Selection JES down  : (((((((((((rhovor>0 && rhovor<40)&&(ngoodlep > 0 && abs( pflep1.Pt() - lep1.Pt() ) < 10.0 && abs(isopf1 * lep1.Pt() ) < 5.0))&&((leptype==0 && abs(lep1->Eta())<1.4442 && lep1->Pt()>30.0 && eoverpin < 4.0 && (isdata==0 || ele27wp80==1))||(leptype==1 && abs(lep1->Eta())<2.1    && lep1->Pt()>25.0 && (isdata==0 || isomu24==1))))&&(mini_njetsdown >= 4))&&(mini_nb >= 1))&&(mini_passisotrk==1))&&(mini_passtauveto == 1))&&(mini_metdown > 100))&&(mini_mtdown > 120))&&(x > 0.3 && x < 0.7))&&(mini_metdown > 100))&&(mini_dphimjmin>0.8)

Selection btag up   : (((((((((((rhovor>0 && rhovor<40)&&(ngoodlep > 0 && abs( pflep1.Pt() - lep1.Pt() ) < 10.0 && abs(isopf1 * lep1.Pt() ) < 5.0))&&((leptype==0 && abs(lep1->Eta())<1.4442 && lep1->Pt()>30.0 && eoverpin < 4.0 && (isdata==0 || ele27wp80==1))||(leptype==1 && abs(lep1->Eta())<2.1    && lep1->Pt()>25.0 && (isdata==0 || isomu24==1))))&&(mini_njets >= 4))&&(mini_nbupBC >= 1))&&(mini_passisotrk==1))&&(mini_passtauveto == 1))&&(mini_met > 100))&&( mini_mt > 120))&&(x > 0.3 && x < 0.7))&&(mini_met > 100))&&(mini_dphimjmin>0.8)

Selection btag down : (((((((((((rhovor>0 && rhovor<40)&&(ngoodlep > 0 && abs( pflep1.Pt() - lep1.Pt() ) < 10.0 && abs(isopf1 * lep1.Pt() ) < 5.0))&&((leptype==0 && abs(lep1->Eta())<1.4442 && lep1->Pt()>30.0 && eoverpin < 4.0 && (isdata==0 || ele27wp80==1))||(leptype==1 && abs(lep1->Eta())<2.1    && lep1->Pt()>25.0 && (isdata==0 || isomu24==1))))&&(mini_njets >= 4))&&(mini_nbdownBC >= 1))&&(mini_passisotrk==1))&&(mini_passtauveto == 1))&&(mini_met > 100))&&( mini_mt > 120))&&(x > 0.3 && x < 0.7))&&(mini_met > 100))&&(mini_dphimjmin>0.8)

Signal region       : T2BW_LM150

Selection           : (((((((((((rhovor>0 && rhovor<40)&&(ngoodlep > 0 && abs( pflep1.Pt() - lep1.Pt() ) < 10.0 && abs(isopf1 * lep1.Pt() ) < 5.0))&&((leptype==0 && abs(lep1->Eta())<1.4442 && lep1->Pt()>30.0 && eoverpin < 4.0 && (isdata==0 || ele27wp80==1))||(leptype==1 && abs(lep1->Eta())<2.1    && lep1->Pt()>25.0 && (isdata==0 || isomu24==1))))&&(mini_njets >= 4))&&(mini_nb >= 1))&&(mini_passisotrk==1))&&(mini_passtauveto == 1))&&(mini_met > 100))&&( mini_mt > 120))&&(x > 0.3 && x < 0.7))&&(mini_met > 150.0))&&(mini_dphimjmin>0.8)

Selection JES up    : (((((((((((rhovor>0 && rhovor<40)&&(ngoodlep > 0 && abs( pflep1.Pt() - lep1.Pt() ) < 10.0 && abs(isopf1 * lep1.Pt() ) < 5.0))&&((leptype==0 && abs(lep1->Eta())<1.4442 && lep1->Pt()>30.0 && eoverpin < 4.0 && (isdata==0 || ele27wp80==1))||(leptype==1 && abs(lep1->Eta())<2.1    && lep1->Pt()>25.0 && (isdata==0 || isomu24==1))))&&(mini_njetsup >= 4))&&(mini_nb >= 1))&&(mini_passisotrk==1))&&(mini_passtauveto == 1))&&(mini_metup > 100))&&(mini_mtup > 120))&&(x > 0.3 && x < 0.7))&&(mini_metup > 150.0))&&(mini_dphimjmin>0.8)

Selection JES down  : (((((((((((rhovor>0 && rhovor<40)&&(ngoodlep > 0 && abs( pflep1.Pt() - lep1.Pt() ) < 10.0 && abs(isopf1 * lep1.Pt() ) < 5.0))&&((leptype==0 && abs(lep1->Eta())<1.4442 && lep1->Pt()>30.0 && eoverpin < 4.0 && (isdata==0 || ele27wp80==1))||(leptype==1 && abs(lep1->Eta())<2.1    && lep1->Pt()>25.0 && (isdata==0 || isomu24==1))))&&(mini_njetsdown >= 4))&&(mini_nb >= 1))&&(mini_passisotrk==1))&&(mini_passtauveto == 1))&&(mini_metdown > 100))&&(mini_mtdown > 120))&&(x > 0.3 && x < 0.7))&&(mini_metdown > 150.0))&&(mini_dphimjmin>0.8)

Selection btag up   : (((((((((((rhovor>0 && rhovor<40)&&(ngoodlep > 0 && abs( pflep1.Pt() - lep1.Pt() ) < 10.0 && abs(isopf1 * lep1.Pt() ) < 5.0))&&((leptype==0 && abs(lep1->Eta())<1.4442 && lep1->Pt()>30.0 && eoverpin < 4.0 && (isdata==0 || ele27wp80==1))||(leptype==1 && abs(lep1->Eta())<2.1    && lep1->Pt()>25.0 && (isdata==0 || isomu24==1))))&&(mini_njets >= 4))&&(mini_nbupBC >= 1))&&(mini_passisotrk==1))&&(mini_passtauveto == 1))&&(mini_met > 100))&&( mini_mt > 120))&&(x > 0.3 && x < 0.7))&&(mini_met > 150.0))&&(mini_dphimjmin>0.8)

Selection btag down : (((((((((((rhovor>0 && rhovor<40)&&(ngoodlep > 0 && abs( pflep1.Pt() - lep1.Pt() ) < 10.0 && abs(isopf1 * lep1.Pt() ) < 5.0))&&((leptype==0 && abs(lep1->Eta())<1.4442 && lep1->Pt()>30.0 && eoverpin < 4.0 && (isdata==0 || ele27wp80==1))||(leptype==1 && abs(lep1->Eta())<2.1    && lep1->Pt()>25.0 && (isdata==0 || isomu24==1))))&&(mini_njets >= 4))&&(mini_nbdownBC >= 1))&&(mini_passisotrk==1))&&(mini_passtauveto == 1))&&(mini_met > 100))&&( mini_mt > 120))&&(x > 0.3 && x < 0.7))&&(mini_met > 150.0))&&(mini_dphimjmin>0.8)

Signal region       : T2BW_LM200

Selection           : (((((((((((rhovor>0 && rhovor<40)&&(ngoodlep > 0 && abs( pflep1.Pt() - lep1.Pt() ) < 10.0 && abs(isopf1 * lep1.Pt() ) < 5.0))&&((leptype==0 && abs(lep1->Eta())<1.4442 && lep1->Pt()>30.0 && eoverpin < 4.0 && (isdata==0 || ele27wp80==1))||(leptype==1 && abs(lep1->Eta())<2.1    && lep1->Pt()>25.0 && (isdata==0 || isomu24==1))))&&(mini_njets >= 4))&&(mini_nb >= 1))&&(mini_passisotrk==1))&&(mini_passtauveto == 1))&&(mini_met > 100))&&( mini_mt > 120))&&(x > 0.3 && x < 0.7))&&(mini_met > 200.0))&&(mini_dphimjmin>0.8)

Selection JES up    : (((((((((((rhovor>0 && rhovor<40)&&(ngoodlep > 0 && abs( pflep1.Pt() - lep1.Pt() ) < 10.0 && abs(isopf1 * lep1.Pt() ) < 5.0))&&((leptype==0 && abs(lep1->Eta())<1.4442 && lep1->Pt()>30.0 && eoverpin < 4.0 && (isdata==0 || ele27wp80==1))||(leptype==1 && abs(lep1->Eta())<2.1    && lep1->Pt()>25.0 && (isdata==0 || isomu24==1))))&&(mini_njetsup >= 4))&&(mini_nb >= 1))&&(mini_passisotrk==1))&&(mini_passtauveto == 1))&&(mini_metup > 100))&&(mini_mtup > 120))&&(x > 0.3 && x < 0.7))&&(mini_metup > 200.0))&&(mini_dphimjmin>0.8)

Selection JES down  : (((((((((((rhovor>0 && rhovor<40)&&(ngoodlep > 0 && abs( pflep1.Pt() - lep1.Pt() ) < 10.0 && abs(isopf1 * lep1.Pt() ) < 5.0))&&((leptype==0 && abs(lep1->Eta())<1.4442 && lep1->Pt()>30.0 && eoverpin < 4.0 && (isdata==0 || ele27wp80==1))||(leptype==1 && abs(lep1->Eta())<2.1    && lep1->Pt()>25.0 && (isdata==0 || isomu24==1))))&&(mini_njetsdown >= 4))&&(mini_nb >= 1))&&(mini_passisotrk==1))&&(mini_passtauveto == 1))&&(mini_metdown > 100))&&(mini_mtdown > 120))&&(x > 0.3 && x < 0.7))&&(mini_metdown > 200.0))&&(mini_dphimjmin>0.8)

Selection btag up   : (((((((((((rhovor>0 && rhovor<40)&&(ngoodlep > 0 && abs( pflep1.Pt() - lep1.Pt() ) < 10.0 && abs(isopf1 * lep1.Pt() ) < 5.0))&&((leptype==0 && abs(lep1->Eta())<1.4442 && lep1->Pt()>30.0 && eoverpin < 4.0 && (isdata==0 || ele27wp80==1))||(leptype==1 && abs(lep1->Eta())<2.1    && lep1->Pt()>25.0 && (isdata==0 || isomu24==1))))&&(mini_njets >= 4))&&(mini_nbupBC >= 1))&&(mini_passisotrk==1))&&(mini_passtauveto == 1))&&(mini_met > 100))&&( mini_mt > 120))&&(x > 0.3 && x < 0.7))&&(mini_met > 200.0))&&(mini_dphimjmin>0.8)

Selection btag down : (((((((((((rhovor>0 && rhovor<40)&&(ngoodlep > 0 && abs( pflep1.Pt() - lep1.Pt() ) < 10.0 && abs(isopf1 * lep1.Pt() ) < 5.0))&&((leptype==0 && abs(lep1->Eta())<1.4442 && lep1->Pt()>30.0 && eoverpin < 4.0 && (isdata==0 || ele27wp80==1))||(leptype==1 && abs(lep1->Eta())<2.1    && lep1->Pt()>25.0 && (isdata==0 || isomu24==1))))&&(mini_njets >= 4))&&(mini_nbdownBC >= 1))&&(mini_passisotrk==1))&&(mini_passtauveto == 1))&&(mini_met > 100))&&( mini_mt > 120))&&(x > 0.3 && x < 0.7))&&(mini_met > 200.0))&&(mini_dphimjmin>0.8)

Signal region       : T2BW_LM250

Selection           : (((((((((((rhovor>0 && rhovor<40)&&(ngoodlep > 0 && abs( pflep1.Pt() - lep1.Pt() ) < 10.0 && abs(isopf1 * lep1.Pt() ) < 5.0))&&((leptype==0 && abs(lep1->Eta())<1.4442 && lep1->Pt()>30.0 && eoverpin < 4.0 && (isdata==0 || ele27wp80==1))||(leptype==1 && abs(lep1->Eta())<2.1    && lep1->Pt()>25.0 && (isdata==0 || isomu24==1))))&&(mini_njets >= 4))&&(mini_nb >= 1))&&(mini_passisotrk==1))&&(mini_passtauveto == 1))&&(mini_met > 100))&&( mini_mt > 120))&&(x > 0.3 && x < 0.7))&&(mini_met > 250.0))&&(mini_dphimjmin>0.8)

Selection JES up    : (((((((((((rhovor>0 && rhovor<40)&&(ngoodlep > 0 && abs( pflep1.Pt() - lep1.Pt() ) < 10.0 && abs(isopf1 * lep1.Pt() ) < 5.0))&&((leptype==0 && abs(lep1->Eta())<1.4442 && lep1->Pt()>30.0 && eoverpin < 4.0 && (isdata==0 || ele27wp80==1))||(leptype==1 && abs(lep1->Eta())<2.1    && lep1->Pt()>25.0 && (isdata==0 || isomu24==1))))&&(mini_njetsup >= 4))&&(mini_nb >= 1))&&(mini_passisotrk==1))&&(mini_passtauveto == 1))&&(mini_metup > 100))&&(mini_mtup > 120))&&(x > 0.3 && x < 0.7))&&(mini_metup > 250.0))&&(mini_dphimjmin>0.8)

Selection JES down  : (((((((((((rhovor>0 && rhovor<40)&&(ngoodlep > 0 && abs( pflep1.Pt() - lep1.Pt() ) < 10.0 && abs(isopf1 * lep1.Pt() ) < 5.0))&&((leptype==0 && abs(lep1->Eta())<1.4442 && lep1->Pt()>30.0 && eoverpin < 4.0 && (isdata==0 || ele27wp80==1))||(leptype==1 && abs(lep1->Eta())<2.1    && lep1->Pt()>25.0 && (isdata==0 || isomu24==1))))&&(mini_njetsdown >= 4))&&(mini_nb >= 1))&&(mini_passisotrk==1))&&(mini_passtauveto == 1))&&(mini_metdown > 100))&&(mini_mtdown > 120))&&(x > 0.3 && x < 0.7))&&(mini_metdown > 250.0))&&(mini_dphimjmin>0.8)

Selection btag up   : (((((((((((rhovor>0 && rhovor<40)&&(ngoodlep > 0 && abs( pflep1.Pt() - lep1.Pt() ) < 10.0 && abs(isopf1 * lep1.Pt() ) < 5.0))&&((leptype==0 && abs(lep1->Eta())<1.4442 && lep1->Pt()>30.0 && eoverpin < 4.0 && (isdata==0 || ele27wp80==1))||(leptype==1 && abs(lep1->Eta())<2.1    && lep1->Pt()>25.0 && (isdata==0 || isomu24==1))))&&(mini_njets >= 4))&&(mini_nbupBC >= 1))&&(mini_passisotrk==1))&&(mini_passtauveto == 1))&&(mini_met > 100))&&( mini_mt > 120))&&(x > 0.3 && x < 0.7))&&(mini_met > 250.0))&&(mini_dphimjmin>0.8)

Selection btag down : (((((((((((rhovor>0 && rhovor<40)&&(ngoodlep > 0 && abs( pflep1.Pt() - lep1.Pt() ) < 10.0 && abs(isopf1 * lep1.Pt() ) < 5.0))&&((leptype==0 && abs(lep1->Eta())<1.4442 && lep1->Pt()>30.0 && eoverpin < 4.0 && (isdata==0 || ele27wp80==1))||(leptype==1 && abs(lep1->Eta())<2.1    && lep1->Pt()>25.0 && (isdata==0 || isomu24==1))))&&(mini_njets >= 4))&&(mini_nbdownBC >= 1))&&(mini_passisotrk==1))&&(mini_passtauveto == 1))&&(mini_met > 100))&&( mini_mt > 120))&&(x > 0.3 && x < 0.7))&&(mini_met > 250.0))&&(mini_dphimjmin>0.8)

Signal region       : T2BW_HM100

Selection           : (((((((((((((rhovor>0 && rhovor<40)&&(ngoodlep > 0 && abs( pflep1.Pt() - lep1.Pt() ) < 10.0 && abs(isopf1 * lep1.Pt() ) < 5.0))&&((leptype==0 && abs(lep1->Eta())<1.4442 && lep1->Pt()>30.0 && eoverpin < 4.0 && (isdata==0 || ele27wp80==1))||(leptype==1 && abs(lep1->Eta())<2.1    && lep1->Pt()>25.0 && (isdata==0 || isomu24==1))))&&(mini_njets >= 4))&&(mini_nb >= 1))&&(mini_passisotrk==1))&&(mini_passtauveto == 1))&&(mini_met > 100))&&( mini_mt > 120))&&(x > 0.3 && x < 0.7))&&(mini_met > 100))&&(mini_dphimjmin>0.8))&&(mini_pt_b > 100.0))&&(mini_mt2w>200.0)

Selection JES up    : (((((((((((((rhovor>0 && rhovor<40)&&(ngoodlep > 0 && abs( pflep1.Pt() - lep1.Pt() ) < 10.0 && abs(isopf1 * lep1.Pt() ) < 5.0))&&((leptype==0 && abs(lep1->Eta())<1.4442 && lep1->Pt()>30.0 && eoverpin < 4.0 && (isdata==0 || ele27wp80==1))||(leptype==1 && abs(lep1->Eta())<2.1    && lep1->Pt()>25.0 && (isdata==0 || isomu24==1))))&&(mini_njetsup >= 4))&&(mini_nb >= 1))&&(mini_passisotrk==1))&&(mini_passtauveto == 1))&&(mini_metup > 100))&&(mini_mtup > 120))&&(x > 0.3 && x < 0.7))&&(mini_metup > 100))&&(mini_dphimjmin>0.8))&&(mini_pt_b_up > 100.0))&&(mini_mt2wup>200.0)

Selection JES down  : (((((((((((((rhovor>0 && rhovor<40)&&(ngoodlep > 0 && abs( pflep1.Pt() - lep1.Pt() ) < 10.0 && abs(isopf1 * lep1.Pt() ) < 5.0))&&((leptype==0 && abs(lep1->Eta())<1.4442 && lep1->Pt()>30.0 && eoverpin < 4.0 && (isdata==0 || ele27wp80==1))||(leptype==1 && abs(lep1->Eta())<2.1    && lep1->Pt()>25.0 && (isdata==0 || isomu24==1))))&&(mini_njetsdown >= 4))&&(mini_nb >= 1))&&(mini_passisotrk==1))&&(mini_passtauveto == 1))&&(mini_metdown > 100))&&(mini_mtdown > 120))&&(x > 0.3 && x < 0.7))&&(mini_metdown > 100))&&(mini_dphimjmin>0.8))&&(mini_pt_b_down > 100.0))&&(mini_mt2wdown>200.0)

Selection btag up   : (((((((((((((rhovor>0 && rhovor<40)&&(ngoodlep > 0 && abs( pflep1.Pt() - lep1.Pt() ) < 10.0 && abs(isopf1 * lep1.Pt() ) < 5.0))&&((leptype==0 && abs(lep1->Eta())<1.4442 && lep1->Pt()>30.0 && eoverpin < 4.0 && (isdata==0 || ele27wp80==1))||(leptype==1 && abs(lep1->Eta())<2.1    && lep1->Pt()>25.0 && (isdata==0 || isomu24==1))))&&(mini_njets >= 4))&&(mini_nbupBC >= 1))&&(mini_passisotrk==1))&&(mini_passtauveto == 1))&&(mini_met > 100))&&( mini_mt > 120))&&(x > 0.3 && x < 0.7))&&(mini_met > 100))&&(mini_dphimjmin>0.8))&&(mini_pt_b_bup > 100.0))&&(mini_mt2wbup>200.0)

Selection btag down : (((((((((((((rhovor>0 && rhovor<40)&&(ngoodlep > 0 && abs( pflep1.Pt() - lep1.Pt() ) < 10.0 && abs(isopf1 * lep1.Pt() ) < 5.0))&&((leptype==0 && abs(lep1->Eta())<1.4442 && lep1->Pt()>30.0 && eoverpin < 4.0 && (isdata==0 || ele27wp80==1))||(leptype==1 && abs(lep1->Eta())<2.1    && lep1->Pt()>25.0 && (isdata==0 || isomu24==1))))&&(mini_njets >= 4))&&(mini_nbdownBC >= 1))&&(mini_passisotrk==1))&&(mini_passtauveto == 1))&&(mini_met > 100))&&( mini_mt > 120))&&(x > 0.3 && x < 0.7))&&(mini_met > 100))&&(mini_dphimjmin>0.8))&&(mini_pt_b_bdown > 100.0))&&(mini_mt2wbdown>200.0)

Signal region       : T2BW_HM150

Selection           : (((((((((((((rhovor>0 && rhovor<40)&&(ngoodlep > 0 && abs( pflep1.Pt() - lep1.Pt() ) < 10.0 && abs(isopf1 * lep1.Pt() ) < 5.0))&&((leptype==0 && abs(lep1->Eta())<1.4442 && lep1->Pt()>30.0 && eoverpin < 4.0 && (isdata==0 || ele27wp80==1))||(leptype==1 && abs(lep1->Eta())<2.1    && lep1->Pt()>25.0 && (isdata==0 || isomu24==1))))&&(mini_njets >= 4))&&(mini_nb >= 1))&&(mini_passisotrk==1))&&(mini_passtauveto == 1))&&(mini_met > 100))&&( mini_mt > 120))&&(x > 0.3 && x < 0.7))&&(mini_met > 150.0))&&(mini_dphimjmin>0.8))&&(mini_pt_b > 100.0))&&(mini_mt2w>200.0)

Selection JES up    : (((((((((((((rhovor>0 && rhovor<40)&&(ngoodlep > 0 && abs( pflep1.Pt() - lep1.Pt() ) < 10.0 && abs(isopf1 * lep1.Pt() ) < 5.0))&&((leptype==0 && abs(lep1->Eta())<1.4442 && lep1->Pt()>30.0 && eoverpin < 4.0 && (isdata==0 || ele27wp80==1))||(leptype==1 && abs(lep1->Eta())<2.1    && lep1->Pt()>25.0 && (isdata==0 || isomu24==1))))&&(mini_njetsup >= 4))&&(mini_nb >= 1))&&(mini_passisotrk==1))&&(mini_passtauveto == 1))&&(mini_metup > 100))&&(mini_mtup > 120))&&(x > 0.3 && x < 0.7))&&(mini_metup > 150.0))&&(mini_dphimjmin>0.8))&&(mini_pt_b_up > 100.0))&&(mini_mt2wup>200.0)

Selection JES down  : (((((((((((((rhovor>0 && rhovor<40)&&(ngoodlep > 0 && abs( pflep1.Pt() - lep1.Pt() ) < 10.0 && abs(isopf1 * lep1.Pt() ) < 5.0))&&((leptype==0 && abs(lep1->Eta())<1.4442 && lep1->Pt()>30.0 && eoverpin < 4.0 && (isdata==0 || ele27wp80==1))||(leptype==1 && abs(lep1->Eta())<2.1    && lep1->Pt()>25.0 && (isdata==0 || isomu24==1))))&&(mini_njetsdown >= 4))&&(mini_nb >= 1))&&(mini_passisotrk==1))&&(mini_passtauveto == 1))&&(mini_metdown > 100))&&(mini_mtdown > 120))&&(x > 0.3 && x < 0.7))&&(mini_metdown > 150.0))&&(mini_dphimjmin>0.8))&&(mini_pt_b_down > 100.0))&&(mini_mt2wdown>200.0)

Selection btag up   : (((((((((((((rhovor>0 && rhovor<40)&&(ngoodlep > 0 && abs( pflep1.Pt() - lep1.Pt() ) < 10.0 && abs(isopf1 * lep1.Pt() ) < 5.0))&&((leptype==0 && abs(lep1->Eta())<1.4442 && lep1->Pt()>30.0 && eoverpin < 4.0 && (isdata==0 || ele27wp80==1))||(leptype==1 && abs(lep1->Eta())<2.1    && lep1->Pt()>25.0 && (isdata==0 || isomu24==1))))&&(mini_njets >= 4))&&(mini_nbupBC >= 1))&&(mini_passisotrk==1))&&(mini_passtauveto == 1))&&(mini_met > 100))&&( mini_mt > 120))&&(x > 0.3 && x < 0.7))&&(mini_met > 150.0))&&(mini_dphimjmin>0.8))&&(mini_pt_b_bup > 100.0))&&(mini_mt2wbup>200.0)

Selection btag down : (((((((((((((rhovor>0 && rhovor<40)&&(ngoodlep > 0 && abs( pflep1.Pt() - lep1.Pt() ) < 10.0 && abs(isopf1 * lep1.Pt() ) < 5.0))&&((leptype==0 && abs(lep1->Eta())<1.4442 && lep1->Pt()>30.0 && eoverpin < 4.0 && (isdata==0 || ele27wp80==1))||(leptype==1 && abs(lep1->Eta())<2.1    && lep1->Pt()>25.0 && (isdata==0 || isomu24==1))))&&(mini_njets >= 4))&&(mini_nbdownBC >= 1))&&(mini_passisotrk==1))&&(mini_passtauveto == 1))&&(mini_met > 100))&&( mini_mt > 120))&&(x > 0.3 && x < 0.7))&&(mini_met > 150.0))&&(mini_dphimjmin>0.8))&&(mini_pt_b_bdown > 100.0))&&(mini_mt2wbdown>200.0)

Signal region       : T2BW_HM200

Selection           : (((((((((((((rhovor>0 && rhovor<40)&&(ngoodlep > 0 && abs( pflep1.Pt() - lep1.Pt() ) < 10.0 && abs(isopf1 * lep1.Pt() ) < 5.0))&&((leptype==0 && abs(lep1->Eta())<1.4442 && lep1->Pt()>30.0 && eoverpin < 4.0 && (isdata==0 || ele27wp80==1))||(leptype==1 && abs(lep1->Eta())<2.1    && lep1->Pt()>25.0 && (isdata==0 || isomu24==1))))&&(mini_njets >= 4))&&(mini_nb >= 1))&&(mini_passisotrk==1))&&(mini_passtauveto == 1))&&(mini_met > 100))&&( mini_mt > 120))&&(x > 0.3 && x < 0.7))&&(mini_met > 200.0))&&(mini_dphimjmin>0.8))&&(mini_pt_b > 100.0))&&(mini_mt2w>200.0)

Selection JES up    : (((((((((((((rhovor>0 && rhovor<40)&&(ngoodlep > 0 && abs( pflep1.Pt() - lep1.Pt() ) < 10.0 && abs(isopf1 * lep1.Pt() ) < 5.0))&&((leptype==0 && abs(lep1->Eta())<1.4442 && lep1->Pt()>30.0 && eoverpin < 4.0 && (isdata==0 || ele27wp80==1))||(leptype==1 && abs(lep1->Eta())<2.1    && lep1->Pt()>25.0 && (isdata==0 || isomu24==1))))&&(mini_njetsup >= 4))&&(mini_nb >= 1))&&(mini_passisotrk==1))&&(mini_passtauveto == 1))&&(mini_metup > 100))&&(mini_mtup > 120))&&(x > 0.3 && x < 0.7))&&(mini_metup > 200.0))&&(mini_dphimjmin>0.8))&&(mini_pt_b_up > 100.0))&&(mini_mt2wup>200.0)

Selection JES down  : (((((((((((((rhovor>0 && rhovor<40)&&(ngoodlep > 0 && abs( pflep1.Pt() - lep1.Pt() ) < 10.0 && abs(isopf1 * lep1.Pt() ) < 5.0))&&((leptype==0 && abs(lep1->Eta())<1.4442 && lep1->Pt()>30.0 && eoverpin < 4.0 && (isdata==0 || ele27wp80==1))||(leptype==1 && abs(lep1->Eta())<2.1    && lep1->Pt()>25.0 && (isdata==0 || isomu24==1))))&&(mini_njetsdown >= 4))&&(mini_nb >= 1))&&(mini_passisotrk==1))&&(mini_passtauveto == 1))&&(mini_metdown > 100))&&(mini_mtdown > 120))&&(x > 0.3 && x < 0.7))&&(mini_metdown > 200.0))&&(mini_dphimjmin>0.8))&&(mini_pt_b_down > 100.0))&&(mini_mt2wdown>200.0)

Selection btag up   : (((((((((((((rhovor>0 && rhovor<40)&&(ngoodlep > 0 && abs( pflep1.Pt() - lep1.Pt() ) < 10.0 && abs(isopf1 * lep1.Pt() ) < 5.0))&&((leptype==0 && abs(lep1->Eta())<1.4442 && lep1->Pt()>30.0 && eoverpin < 4.0 && (isdata==0 || ele27wp80==1))||(leptype==1 && abs(lep1->Eta())<2.1    && lep1->Pt()>25.0 && (isdata==0 || isomu24==1))))&&(mini_njets >= 4))&&(mini_nbupBC >= 1))&&(mini_passisotrk==1))&&(mini_passtauveto == 1))&&(mini_met > 100))&&( mini_mt > 120))&&(x > 0.3 && x < 0.7))&&(mini_met > 200.0))&&(mini_dphimjmin>0.8))&&(mini_pt_b_bup > 100.0))&&(mini_mt2wbup>200.0)

Selection btag down : (((((((((((((rhovor>0 && rhovor<40)&&(ngoodlep > 0 && abs( pflep1.Pt() - lep1.Pt() ) < 10.0 && abs(isopf1 * lep1.Pt() ) < 5.0))&&((leptype==0 && abs(lep1->Eta())<1.4442 && lep1->Pt()>30.0 && eoverpin < 4.0 && (isdata==0 || ele27wp80==1))||(leptype==1 && abs(lep1->Eta())<2.1    && lep1->Pt()>25.0 && (isdata==0 || isomu24==1))))&&(mini_njets >= 4))&&(mini_nbdownBC >= 1))&&(mini_passisotrk==1))&&(mini_passtauveto == 1))&&(mini_met > 100))&&( mini_mt > 120))&&(x > 0.3 && x < 0.7))&&(mini_met > 200.0))&&(mini_dphimjmin>0.8))&&(mini_pt_b_bdown > 100.0))&&(mini_mt2wbdown>200.0)

Signal region       : T2BW_HM250

Selection           : (((((((((((((rhovor>0 && rhovor<40)&&(ngoodlep > 0 && abs( pflep1.Pt() - lep1.Pt() ) < 10.0 && abs(isopf1 * lep1.Pt() ) < 5.0))&&((leptype==0 && abs(lep1->Eta())<1.4442 && lep1->Pt()>30.0 && eoverpin < 4.0 && (isdata==0 || ele27wp80==1))||(leptype==1 && abs(lep1->Eta())<2.1    && lep1->Pt()>25.0 && (isdata==0 || isomu24==1))))&&(mini_njets >= 4))&&(mini_nb >= 1))&&(mini_passisotrk==1))&&(mini_passtauveto == 1))&&(mini_met > 100))&&( mini_mt > 120))&&(x > 0.3 && x < 0.7))&&(mini_met > 250.0))&&(mini_dphimjmin>0.8))&&(mini_pt_b > 100.0))&&(mini_mt2w>200.0)

Selection JES up    : (((((((((((((rhovor>0 && rhovor<40)&&(ngoodlep > 0 && abs( pflep1.Pt() - lep1.Pt() ) < 10.0 && abs(isopf1 * lep1.Pt() ) < 5.0))&&((leptype==0 && abs(lep1->Eta())<1.4442 && lep1->Pt()>30.0 && eoverpin < 4.0 && (isdata==0 || ele27wp80==1))||(leptype==1 && abs(lep1->Eta())<2.1    && lep1->Pt()>25.0 && (isdata==0 || isomu24==1))))&&(mini_njetsup >= 4))&&(mini_nb >= 1))&&(mini_passisotrk==1))&&(mini_passtauveto == 1))&&(mini_metup > 100))&&(mini_mtup > 120))&&(x > 0.3 && x < 0.7))&&(mini_metup > 250.0))&&(mini_dphimjmin>0.8))&&(mini_pt_b_up > 100.0))&&(mini_mt2wup>200.0)

Selection JES down  : (((((((((((((rhovor>0 && rhovor<40)&&(ngoodlep > 0 && abs( pflep1.Pt() - lep1.Pt() ) < 10.0 && abs(isopf1 * lep1.Pt() ) < 5.0))&&((leptype==0 && abs(lep1->Eta())<1.4442 && lep1->Pt()>30.0 && eoverpin < 4.0 && (isdata==0 || ele27wp80==1))||(leptype==1 && abs(lep1->Eta())<2.1    && lep1->Pt()>25.0 && (isdata==0 || isomu24==1))))&&(mini_njetsdown >= 4))&&(mini_nb >= 1))&&(mini_passisotrk==1))&&(mini_passtauveto == 1))&&(mini_metdown > 100))&&(mini_mtdown > 120))&&(x > 0.3 && x < 0.7))&&(mini_metdown > 250.0))&&(mini_dphimjmin>0.8))&&(mini_pt_b_down > 100.0))&&(mini_mt2wdown>200.0)

Selection btag up   : (((((((((((((rhovor>0 && rhovor<40)&&(ngoodlep > 0 && abs( pflep1.Pt() - lep1.Pt() ) < 10.0 && abs(isopf1 * lep1.Pt() ) < 5.0))&&((leptype==0 && abs(lep1->Eta())<1.4442 && lep1->Pt()>30.0 && eoverpin < 4.0 && (isdata==0 || ele27wp80==1))||(leptype==1 && abs(lep1->Eta())<2.1    && lep1->Pt()>25.0 && (isdata==0 || isomu24==1))))&&(mini_njets >= 4))&&(mini_nbupBC >= 1))&&(mini_passisotrk==1))&&(mini_passtauveto == 1))&&(mini_met > 100))&&( mini_mt > 120))&&(x > 0.3 && x < 0.7))&&(mini_met > 250.0))&&(mini_dphimjmin>0.8))&&(mini_pt_b_bup > 100.0))&&(mini_mt2wbup>200.0)

Selection btag down : (((((((((((((rhovor>0 && rhovor<40)&&(ngoodlep > 0 && abs( pflep1.Pt() - lep1.Pt() ) < 10.0 && abs(isopf1 * lep1.Pt() ) < 5.0))&&((leptype==0 && abs(lep1->Eta())<1.4442 && lep1->Pt()>30.0 && eoverpin < 4.0 && (isdata==0 || ele27wp80==1))||(leptype==1 && abs(lep1->Eta())<2.1    && lep1->Pt()>25.0 && (isdata==0 || isomu24==1))))&&(mini_njets >= 4))&&(mini_nbdownBC >= 1))&&(mini_passisotrk==1))&&(mini_passtauveto == 1))&&(mini_met > 100))&&( mini_mt > 120))&&(x > 0.3 && x < 0.7))&&(mini_met > 250.0))&&(mini_dphimjmin>0.8))&&(mini_pt_b_bdown > 100.0))&&(mini_mt2wbdown>200.0)

efficiency (500,50)  3.67134
nevents              629
xsec UL              0.442373
xsec UL exp          0.471846
JES                  0.0209176
tot err              0.0901951
btag err             0.00625318
ISR err              0.0481923
stat err             0.0398726


efficiency (500,50)  2.78599
nevents              492
xsec UL              0.177444
xsec UL exp          0.219781
JES                  0.0338499
tot err              0.0948249
btag err             0.0053491
ISR err              0.0498129
stat err             0.0450835


efficiency (500,50)  1.89064
nevents              343
xsec UL              0.0957485
xsec UL exp          0.129111
JES                  0.0373543
tot err              0.0986608
btag err             0.00788248
ISR err              0.0542261
stat err             0.0539949


efficiency (500,50)  1.16993
nevents              222
xsec UL              0.0758316
xsec UL exp          0.105638
JES                  0.059083
tot err              0.111165
btag err             0.00581551
ISR err              0.0591357
stat err             0.0671156


efficiency (500,50)  2.12397
nevents              371
xsec UL              0.0878856
xsec UL exp          0.0688115
JES                  0.040882
tot err              0.09952
btag err             0.0204072
ISR err              0.049804
stat err             0.0519174


efficiency (500,50)  1.68361
nevents              305
xsec UL              0.0590916
xsec UL exp          0.0560457
JES                  0.0534378
tot err              0.104266
btag err             0.0162872
ISR err              0.0491381
stat err             0.0572598


efficiency (500,50)  1.19174
nevents              221
xsec UL              0.0490557
xsec UL exp          0.0516376
JES                  0.055682
tot err              0.105939
btag err             0.00751111
ISR err              0.0522518
stat err             0.0672673


efficiency (500,50)  0.791717
nevents              154
xsec UL              0.0323866
xsec UL exp          0.0498754
JES                  0.095171
tot err              0.132626
btag err             0.0100186
ISR err              0.0556386
stat err             0.0805823


