----------------------------------------------------
Sample            T2tt
logfile           T2tt_MT150.log
x                 1
Using file        /tas/cms2/stop/cms2V05-03-26_stoplooperV00-02-22/T2tt_mad/minibabyV00-03-03/Skim_4jets_MET100_MT120/T2tt_*root
Using denominator /tas/cms2/stop/cms2V05-03-26_stoplooperV00-02-22/T2tt_mad/minibabyV00-03-03/Skim_4jets_MET100_MT120/myMassDB_T2tt_MG_25GeVbins.root
Denom histo       masses
Using lumi        19500 pb-1
----------------------------------------------------
Using pre-selection   ((((((((((rhovor>0 && rhovor<40)&&(isdata==0 || (csc==0 && hbhe==1 && hcallaser==1 && ecaltp==1 && trkfail==1 && eebadsc==1 && hbhenew==1)))&&(ngoodlep > 0 && abs( pflep1.Pt() - lep1.Pt() ) < 10.0 && abs(isopf1 * lep1.Pt() ) < 5.0))&&((leptype==0 && abs(lep1->Eta())<1.4442 && lep1->Pt()>30.0 && eoverpin < 4.0 && (isdata==0 || ele27wp80==1))||(leptype==1 && abs(lep1->Eta())<2.1    && lep1->Pt()>25.0 && (isdata==0 || isomu24==1))))&&(mini_njets >= 4))&&(mini_nb >= 1))&&(mini_passisotrk==1))&&(mini_passtauveto == 1))&&(t1metphicorr > 100))&&(t1metphicorrmt > 120))&&(t1metphicorrmt > 150)
Using weight          mini_sltrigeff

Signal Region : 0 LM150
Selection     : (((((((((((rhovor>0 && rhovor<40)&&(isdata==0 || (csc==0 && hbhe==1 && hcallaser==1 && ecaltp==1 && trkfail==1 && eebadsc==1 && hbhenew==1)))&&(ngoodlep > 0 && abs( pflep1.Pt() - lep1.Pt() ) < 10.0 && abs(isopf1 * lep1.Pt() ) < 5.0))&&((leptype==0 && abs(lep1->Eta())<1.4442 && lep1->Pt()>30.0 && eoverpin < 4.0 && (isdata==0 || ele27wp80==1))||(leptype==1 && abs(lep1->Eta())<2.1    && lep1->Pt()>25.0 && (isdata==0 || isomu24==1))))&&(mini_njets >= 4))&&(mini_nb >= 1))&&(mini_passisotrk==1))&&(mini_passtauveto == 1))&&(t1metphicorr > 100))&&(t1metphicorrmt > 120))&&(t1metphicorrmt > 150))&&(((mini_met > 150.0)&&(mini_dphimjmin>0.8))&&(mini_chi2<5.0))
UL            : 64.4

Signal Region : 1 LM200
Selection     : (((((((((((rhovor>0 && rhovor<40)&&(isdata==0 || (csc==0 && hbhe==1 && hcallaser==1 && ecaltp==1 && trkfail==1 && eebadsc==1 && hbhenew==1)))&&(ngoodlep > 0 && abs( pflep1.Pt() - lep1.Pt() ) < 10.0 && abs(isopf1 * lep1.Pt() ) < 5.0))&&((leptype==0 && abs(lep1->Eta())<1.4442 && lep1->Pt()>30.0 && eoverpin < 4.0 && (isdata==0 || ele27wp80==1))||(leptype==1 && abs(lep1->Eta())<2.1    && lep1->Pt()>25.0 && (isdata==0 || isomu24==1))))&&(mini_njets >= 4))&&(mini_nb >= 1))&&(mini_passisotrk==1))&&(mini_passtauveto == 1))&&(t1metphicorr > 100))&&(t1metphicorrmt > 120))&&(t1metphicorrmt > 150))&&(((mini_met > 200.0)&&(mini_dphimjmin>0.8))&&(mini_chi2<5.0))
UL            : 30

Signal Region : 2 LM250
Selection     : (((((((((((rhovor>0 && rhovor<40)&&(isdata==0 || (csc==0 && hbhe==1 && hcallaser==1 && ecaltp==1 && trkfail==1 && eebadsc==1 && hbhenew==1)))&&(ngoodlep > 0 && abs( pflep1.Pt() - lep1.Pt() ) < 10.0 && abs(isopf1 * lep1.Pt() ) < 5.0))&&((leptype==0 && abs(lep1->Eta())<1.4442 && lep1->Pt()>30.0 && eoverpin < 4.0 && (isdata==0 || ele27wp80==1))||(leptype==1 && abs(lep1->Eta())<2.1    && lep1->Pt()>25.0 && (isdata==0 || isomu24==1))))&&(mini_njets >= 4))&&(mini_nb >= 1))&&(mini_passisotrk==1))&&(mini_passtauveto == 1))&&(t1metphicorr > 100))&&(t1metphicorrmt > 120))&&(t1metphicorrmt > 150))&&(((mini_met > 250.0)&&(mini_dphimjmin>0.8))&&(mini_chi2<5.0))
UL            : 15.3

Signal Region : 3 LM300
Selection     : (((((((((((rhovor>0 && rhovor<40)&&(isdata==0 || (csc==0 && hbhe==1 && hcallaser==1 && ecaltp==1 && trkfail==1 && eebadsc==1 && hbhenew==1)))&&(ngoodlep > 0 && abs( pflep1.Pt() - lep1.Pt() ) < 10.0 && abs(isopf1 * lep1.Pt() ) < 5.0))&&((leptype==0 && abs(lep1->Eta())<1.4442 && lep1->Pt()>30.0 && eoverpin < 4.0 && (isdata==0 || ele27wp80==1))||(leptype==1 && abs(lep1->Eta())<2.1    && lep1->Pt()>25.0 && (isdata==0 || isomu24==1))))&&(mini_njets >= 4))&&(mini_nb >= 1))&&(mini_passisotrk==1))&&(mini_passtauveto == 1))&&(t1metphicorr > 100))&&(t1metphicorrmt > 120))&&(t1metphicorrmt > 150))&&(((mini_met > 300.0)&&(mini_dphimjmin>0.8))&&(mini_chi2<5.0))
UL            : 8.79

Signal Region : 4 HM150
Selection     : (((((((((((rhovor>0 && rhovor<40)&&(isdata==0 || (csc==0 && hbhe==1 && hcallaser==1 && ecaltp==1 && trkfail==1 && eebadsc==1 && hbhenew==1)))&&(ngoodlep > 0 && abs( pflep1.Pt() - lep1.Pt() ) < 10.0 && abs(isopf1 * lep1.Pt() ) < 5.0))&&((leptype==0 && abs(lep1->Eta())<1.4442 && lep1->Pt()>30.0 && eoverpin < 4.0 && (isdata==0 || ele27wp80==1))||(leptype==1 && abs(lep1->Eta())<2.1    && lep1->Pt()>25.0 && (isdata==0 || isomu24==1))))&&(mini_njets >= 4))&&(mini_nb >= 1))&&(mini_passisotrk==1))&&(mini_passtauveto == 1))&&(t1metphicorr > 100))&&(t1metphicorrmt > 120))&&(t1metphicorrmt > 150))&&((((mini_met > 150.0)&&(mini_dphimjmin>0.8))&&(mini_chi2<5.0))&&(mini_mt2w>200.0))
UL            : 12.9

Signal Region : 5 HM200
Selection     : (((((((((((rhovor>0 && rhovor<40)&&(isdata==0 || (csc==0 && hbhe==1 && hcallaser==1 && ecaltp==1 && trkfail==1 && eebadsc==1 && hbhenew==1)))&&(ngoodlep > 0 && abs( pflep1.Pt() - lep1.Pt() ) < 10.0 && abs(isopf1 * lep1.Pt() ) < 5.0))&&((leptype==0 && abs(lep1->Eta())<1.4442 && lep1->Pt()>30.0 && eoverpin < 4.0 && (isdata==0 || ele27wp80==1))||(leptype==1 && abs(lep1->Eta())<2.1    && lep1->Pt()>25.0 && (isdata==0 || isomu24==1))))&&(mini_njets >= 4))&&(mini_nb >= 1))&&(mini_passisotrk==1))&&(mini_passtauveto == 1))&&(t1metphicorr > 100))&&(t1metphicorrmt > 120))&&(t1metphicorrmt > 150))&&((((mini_met > 200.0)&&(mini_dphimjmin>0.8))&&(mini_chi2<5.0))&&(mini_mt2w>200.0))
UL            : 10.2

Signal Region : 6 HM250
Selection     : (((((((((((rhovor>0 && rhovor<40)&&(isdata==0 || (csc==0 && hbhe==1 && hcallaser==1 && ecaltp==1 && trkfail==1 && eebadsc==1 && hbhenew==1)))&&(ngoodlep > 0 && abs( pflep1.Pt() - lep1.Pt() ) < 10.0 && abs(isopf1 * lep1.Pt() ) < 5.0))&&((leptype==0 && abs(lep1->Eta())<1.4442 && lep1->Pt()>30.0 && eoverpin < 4.0 && (isdata==0 || ele27wp80==1))||(leptype==1 && abs(lep1->Eta())<2.1    && lep1->Pt()>25.0 && (isdata==0 || isomu24==1))))&&(mini_njets >= 4))&&(mini_nb >= 1))&&(mini_passisotrk==1))&&(mini_passtauveto == 1))&&(t1metphicorr > 100))&&(t1metphicorrmt > 120))&&(t1metphicorrmt > 150))&&((((mini_met > 250.0)&&(mini_dphimjmin>0.8))&&(mini_chi2<5.0))&&(mini_mt2w>200.0))
UL            : 8.02

Signal Region : 7 HM300
Selection     : (((((((((((rhovor>0 && rhovor<40)&&(isdata==0 || (csc==0 && hbhe==1 && hcallaser==1 && ecaltp==1 && trkfail==1 && eebadsc==1 && hbhenew==1)))&&(ngoodlep > 0 && abs( pflep1.Pt() - lep1.Pt() ) < 10.0 && abs(isopf1 * lep1.Pt() ) < 5.0))&&((leptype==0 && abs(lep1->Eta())<1.4442 && lep1->Pt()>30.0 && eoverpin < 4.0 && (isdata==0 || ele27wp80==1))||(leptype==1 && abs(lep1->Eta())<2.1    && lep1->Pt()>25.0 && (isdata==0 || isomu24==1))))&&(mini_njets >= 4))&&(mini_nb >= 1))&&(mini_passisotrk==1))&&(mini_passtauveto == 1))&&(t1metphicorr > 100))&&(t1metphicorrmt > 120))&&(t1metphicorrmt > 150))&&((((mini_met > 300.0)&&(mini_dphimjmin>0.8))&&(mini_chi2<5.0))&&(mini_mt2w>200.0))
UL            : 5.87
